TN:
SF:src\web\app\app.component.ts
FN:12,(anonymous_0)
FNF:1
FNH:1
FNDA:1,(anonymous_0)
DA:1,1
DA:2,1
DA:11,1
DA:13,1
DA:14,1
DA:15,1
LF:6
LH:6
BRDA:12,0,0,1
BRDA:12,0,1,0
BRDA:12,1,0,1
BRDA:12,1,1,1
BRF:4
BRH:3
end_of_record
TN:
SF:src\web\app\custom-url-serializer.ts
FN:7,(anonymous_0)
FN:12,(anonymous_1)
FNF:2
FNH:2
FNDA:1,(anonymous_0)
FNDA:1,(anonymous_1)
DA:1,1
DA:8,1
DA:9,1
DA:13,1
DA:14,1
LF:5
LH:5
BRF:0
BRH:0
end_of_record
TN:
SF:src\web\app\login-page.component.ts
FN:43,(anonymous_0)
FN:47,(anonymous_1)
FN:66,(anonymous_2)
FN:68,(anonymous_3)
FN:72,(anonymous_4)
FN:76,(anonymous_5)
FN:87,(anonymous_6)
FN:93,(anonymous_7)
FN:94,(anonymous_8)
FN:100,(anonymous_9)
FN:103,(anonymous_10)
FN:107,(anonymous_11)
FN:112,(anonymous_12)
FN:133,(anonymous_13)
FN:138,(anonymous_14)
FN:141,(anonymous_15)
FN:150,(anonymous_16)
FN:167,(anonymous_17)
FN:170,(anonymous_18)
FN:180,(anonymous_19)
FN:190,(anonymous_20)
FN:202,(anonymous_21)
FN:213,(anonymous_22)
FN:221,(anonymous_23)
FNF:24
FNH:14
FNDA:7,(anonymous_0)
FNDA:7,(anonymous_1)
FNDA:8,(anonymous_2)
FNDA:0,(anonymous_3)
FNDA:0,(anonymous_4)
FNDA:0,(anonymous_5)
FNDA:1,(anonymous_6)
FNDA:9,(anonymous_7)
FNDA:9,(anonymous_8)
FNDA:0,(anonymous_9)
FNDA:0,(anonymous_10)
FNDA:0,(anonymous_11)
FNDA:1,(anonymous_12)
FNDA:1,(anonymous_13)
FNDA:0,(anonymous_14)
FNDA:1,(anonymous_15)
FNDA:2,(anonymous_16)
FNDA:1,(anonymous_17)
FNDA:0,(anonymous_18)
FNDA:1,(anonymous_19)
FNDA:1,(anonymous_20)
FNDA:1,(anonymous_21)
FNDA:0,(anonymous_22)
FNDA:0,(anonymous_23)
DA:1,1
DA:2,1
DA:3,1
DA:4,1
DA:5,1
DA:6,1
DA:7,1
DA:8,1
DA:20,1
DA:23,7
DA:25,7
DA:26,7
DA:29,7
DA:32,7
DA:34,7
DA:35,7
DA:36,7
DA:37,7
DA:39,7
DA:40,7
DA:41,7
DA:43,7
DA:44,7
DA:45,7
DA:48,7
DA:50,7
DA:52,7
DA:54,7
DA:59,7
DA:60,7
DA:62,7
DA:63,7
DA:67,8
DA:69,0
DA:71,0
DA:73,0
DA:77,0
DA:78,0
DA:82,0
DA:84,0
DA:88,1
DA:89,1
DA:94,9
DA:95,9
DA:97,2
DA:98,2
DA:99,1
DA:101,0
DA:102,0
DA:104,0
DA:108,0
DA:109,0
DA:113,1
DA:114,1
DA:117,1
DA:118,1
DA:123,7
DA:125,7
DA:134,1
DA:135,1
DA:136,1
DA:137,1
DA:139,0
DA:142,1
DA:143,1
DA:151,2
DA:152,2
DA:155,2
DA:156,1
DA:158,1
DA:161,1
DA:163,1
DA:168,1
DA:171,0
DA:172,0
DA:173,0
DA:174,0
DA:176,0
DA:177,0
DA:181,1
DA:182,1
DA:191,1
DA:196,1
DA:203,1
DA:204,0
DA:214,0
DA:215,0
DA:222,0
DA:223,0
LF:89
LH:65
BRDA:48,0,0,7
BRDA:69,1,0,0
BRDA:69,1,1,0
BRDA:95,2,0,2
BRDA:95,2,1,7
BRDA:98,3,0,1
BRDA:98,3,1,1
BRDA:151,4,0,2
BRDA:155,5,0,1
BRDA:155,6,0,2
BRDA:155,6,1,1
BRDA:171,7,0,0
BRDA:171,7,1,0
BRDA:203,8,0,0
BRDA:43,9,0,1
BRDA:43,9,1,0
BRDA:43,10,0,1
BRDA:43,10,1,1
BRDA:43,11,0,1
BRDA:43,11,1,0
BRDA:43,12,0,1
BRDA:43,12,1,1
BRDA:44,13,0,1
BRDA:44,13,1,0
BRDA:44,14,0,1
BRDA:44,14,1,1
BRF:26
BRH:18
end_of_record
TN:
SF:src\web\app\maintenance-page.component.ts
FNF:0
FNH:0
DA:1,1
DA:11,1
LF:2
LH:2
BRF:0
BRH:0
end_of_record
TN:
SF:src\web\app\page.component.ts
FN:75,(anonymous_0)
FN:79,(anonymous_1)
FN:87,(anonymous_2)
FN:99,(anonymous_3)
FN:100,(anonymous_4)
FN:104,(anonymous_5)
FN:110,(anonymous_6)
FN:115,(anonymous_7)
FN:127,(anonymous_8)
FN:138,(anonymous_9)
FN:148,(anonymous_10)
FN:152,(anonymous_11)
FN:154,(anonymous_12)
FN:170,(anonymous_14)
FN:176,(anonymous_15)
FNF:15
FNH:2
FNDA:7,(anonymous_0)
FNDA:0,(anonymous_1)
FNDA:0,(anonymous_2)
FNDA:0,(anonymous_3)
FNDA:0,(anonymous_4)
FNDA:0,(anonymous_5)
FNDA:0,(anonymous_6)
FNDA:7,(anonymous_7)
FNDA:0,(anonymous_8)
FNDA:0,(anonymous_9)
FNDA:0,(anonymous_10)
FNDA:0,(anonymous_11)
FNDA:0,(anonymous_12)
FNDA:0,(anonymous_14)
FNDA:0,(anonymous_15)
DA:1,7
DA:2,7
DA:11,7
DA:12,7
DA:13,7
DA:14,7
DA:15,7
DA:16,7
DA:17,7
DA:18,7
DA:19,7
DA:20,7
DA:23,7
DA:33,7
DA:36,7
DA:38,7
DA:39,7
DA:40,7
DA:41,7
DA:42,7
DA:43,7
DA:44,7
DA:45,7
DA:46,7
DA:47,7
DA:48,7
DA:49,7
DA:50,7
DA:52,7
DA:53,7
DA:54,7
DA:55,7
DA:57,7
DA:58,7
DA:59,7
DA:68,7
DA:75,7
DA:76,7
DA:77,7
DA:78,7
DA:79,7
DA:80,0
DA:81,0
DA:82,0
DA:83,0
DA:84,0
DA:85,0
DA:87,0
DA:88,0
DA:89,0
DA:93,7
DA:94,7
DA:97,7
DA:99,0
DA:100,0
DA:104,7
DA:105,0
DA:106,0
DA:110,7
DA:111,0
DA:116,7
DA:117,7
DA:118,7
DA:120,7
DA:130,0
DA:131,0
DA:140,0
DA:141,0
DA:149,0
DA:153,0
DA:154,0
DA:155,0
DA:158,0
DA:167,7
DA:168,0
DA:170,0
DA:177,0
DA:180,0
DA:181,0
LF:79
LH:51
BRDA:80,0,0,0
BRDA:89,1,0,0
BRDA:89,1,1,0
BRDA:93,2,0,7
BRDA:105,3,0,0
BRDA:118,4,0,7
BRDA:118,4,1,0
BRDA:130,5,0,0
BRDA:140,6,0,0
BRDA:153,7,0,0
BRDA:153,7,1,0
BRDA:153,8,0,0
BRDA:153,8,1,0
BRDA:153,9,0,0
BRDA:153,9,1,0
BRDA:75,10,0,7
BRDA:75,10,1,0
BRDA:75,11,0,7
BRDA:75,11,1,7
BRDA:75,12,0,7
BRDA:75,12,1,0
BRDA:75,13,0,7
BRDA:75,13,1,7
BRDA:75,14,0,7
BRDA:75,14,1,0
BRDA:75,15,0,7
BRDA:75,15,1,7
BRDA:75,16,0,7
BRDA:75,16,1,0
BRDA:75,17,0,7
BRDA:75,17,1,7
BRDA:76,18,0,7
BRDA:76,18,1,0
BRDA:76,19,0,7
BRDA:76,19,1,7
BRDA:76,20,0,7
BRDA:76,20,1,0
BRDA:76,21,0,7
BRDA:76,21,1,7
BRDA:77,22,0,7
BRDA:77,22,1,0
BRDA:77,23,0,7
BRDA:77,23,1,7
BRDA:180,24,0,0
BRDA:180,25,0,0
BRDA:180,25,1,0
BRDA:170,26,0,7
BRDA:170,26,1,0
BRDA:170,27,0,7
BRDA:170,27,1,7
BRF:50
BRH:26
end_of_record
TN:
SF:src\web\app\public-page.component.ts
FN:14,(anonymous_0)
FN:19,(anonymous_1)
FN:20,(anonymous_2)
FNF:3
FNH:2
FNDA:1,(anonymous_0)
FNDA:1,(anonymous_1)
FNDA:0,(anonymous_2)
DA:1,1
DA:2,1
DA:3,1
DA:4,1
DA:13,1
DA:14,1
DA:15,1
DA:16,1
DA:17,0
DA:19,1
DA:20,1
LF:11
LH:10
BRDA:16,0,0,0
BRDA:14,1,0,1
BRDA:14,1,1,0
BRDA:14,2,0,1
BRDA:14,2,1,1
BRDA:14,3,0,1
BRDA:14,3,1,0
BRDA:14,4,0,1
BRDA:14,4,1,1
BRF:9
BRH:6
end_of_record
TN:
SF:src\web\app\user-join-page.component.ts
FN:37,(anonymous_0)
FN:46,(anonymous_1)
FN:47,(anonymous_2)
FN:58,(anonymous_3)
FN:73,(anonymous_4)
FN:83,(anonymous_5)
FN:101,(anonymous_6)
FN:103,(anonymous_7)
FN:106,(anonymous_8)
FN:125,(anonymous_9)
FN:129,(anonymous_10)
FN:133,(anonymous_11)
FN:136,(anonymous_12)
FNF:13
FNH:12
FNDA:15,(anonymous_0)
FNDA:20,(anonymous_1)
FNDA:20,(anonymous_2)
FNDA:5,(anonymous_3)
FNDA:2,(anonymous_4)
FNDA:2,(anonymous_5)
FNDA:3,(anonymous_6)
FNDA:1,(anonymous_7)
FNDA:2,(anonymous_8)
FNDA:1,(anonymous_9)
FNDA:1,(anonymous_10)
FNDA:1,(anonymous_11)
FNDA:0,(anonymous_12)
DA:1,1
DA:2,1
DA:3,1
DA:4,1
DA:5,1
DA:6,1
DA:7,1
DA:8,1
DA:9,1
DA:10,1
DA:11,1
DA:13,1
DA:14,1
DA:25,1
DA:27,15
DA:28,15
DA:29,15
DA:30,15
DA:31,15
DA:32,15
DA:33,15
DA:35,15
DA:37,15
DA:38,15
DA:39,15
DA:40,15
DA:41,15
DA:42,15
DA:43,15
DA:44,15
DA:47,20
DA:48,20
DA:49,20
DA:50,20
DA:53,20
DA:54,5
DA:57,20
DA:58,20
DA:59,5
DA:60,1
DA:61,1
DA:62,1
DA:63,0
DA:64,0
DA:66,0
DA:68,4
DA:70,4
DA:74,2
DA:75,2
DA:78,2
DA:80,0
DA:84,2
DA:85,2
DA:86,2
DA:87,2
DA:89,0
DA:90,0
DA:91,0
DA:102,3
DA:104,1
DA:107,2
DA:109,2
DA:110,1
DA:111,1
DA:112,1
DA:114,1
DA:126,1
DA:127,1
DA:130,1
DA:134,1
DA:137,0
DA:138,0
DA:140,0
DA:141,0
DA:142,0
LF:75
LH:63
BRDA:53,0,0,5
BRDA:59,1,0,1
BRDA:61,2,0,1
BRDA:61,2,1,0
BRDA:63,3,0,0
BRDA:75,4,0,2
BRDA:75,4,1,0
BRDA:84,5,0,2
BRDA:109,6,0,1
BRDA:109,6,1,1
BRDA:137,7,0,0
BRDA:137,7,1,0
BRDA:37,8,0,1
BRDA:37,8,1,0
BRDA:37,9,0,1
BRDA:37,9,1,1
BRDA:37,10,0,1
BRDA:37,10,1,0
BRDA:37,11,0,1
BRDA:37,11,1,1
BRDA:38,12,0,1
BRDA:38,12,1,0
BRDA:38,13,0,1
BRDA:38,13,1,1
BRDA:39,14,0,1
BRDA:39,14,1,0
BRDA:39,15,0,1
BRDA:39,15,1,1
BRDA:40,16,0,1
BRDA:40,16,1,0
BRDA:40,17,0,1
BRDA:40,17,1,1
BRDA:41,18,0,1
BRDA:41,18,1,0
BRDA:41,19,0,1
BRDA:41,19,1,1
BRDA:42,20,0,1
BRDA:42,20,1,0
BRDA:42,21,0,1
BRDA:42,21,1,1
BRDA:43,22,0,1
BRDA:43,22,1,0
BRDA:43,23,0,1
BRDA:43,23,1,1
BRF:44
BRH:31
end_of_record
TN:
SF:src\web\app\components\adding-question-panel\adding-question-panel.component.ts
FN:35,(anonymous_1)
FN:42,(anonymous_2)
FN:49,(anonymous_3)
FNF:3
FNH:0
FNDA:0,(anonymous_1)
FNDA:0,(anonymous_2)
FNDA:0,(anonymous_3)
DA:1,4
DA:2,4
DA:12,4
DA:15,5
DA:18,5
DA:21,5
DA:24,5
DA:27,5
DA:30,5
DA:36,0
DA:43,0
DA:50,0
LF:12
LH:9
BRF:0
BRH:0
end_of_record
TN:
SF:src\web\app\components\ajax-loading\ajax-loading.component.ts
FNF:0
FNH:0
DA:1,29
DA:11,29
DA:14,7
DA:17,7
LF:4
LH:4
BRF:0
BRH:0
end_of_record
TN:
SF:src\web\app\components\ajax-preload\ajax-preload.component.ts
FNF:0
FNH:0
DA:1,6
DA:11,6
LF:2
LH:2
BRF:0
BRH:0
end_of_record
TN:
SF:src\web\app\components\comment-box\comment-to-comment-row-model.pipe.ts
FN:13,(anonymous_0)
FNF:1
FNH:1
FNDA:4,(anonymous_0)
DA:1,24
DA:11,24
DA:14,4
LF:3
LH:3
BRF:0
BRH:0
end_of_record
TN:
SF:src\web\app\components\comment-box\comment-visibility-setting.pipe.ts
FN:15,(anonymous_0)
FN:38,(anonymous_1)
FN:68,(anonymous_2)
FN:98,(anonymous_3)
FN:106,(anonymous_4)
FNF:5
FNH:3
FNDA:0,(anonymous_0)
FNDA:0,(anonymous_1)
FNDA:14,(anonymous_2)
FNDA:6,(anonymous_3)
FNDA:14,(anonymous_4)
DA:1,27
DA:2,27
DA:3,27
DA:11,27
DA:16,0
DA:18,0
DA:20,0
DA:22,0
DA:34,27
DA:39,0
DA:41,0
DA:43,0
DA:45,0
DA:47,0
DA:49,0
DA:51,0
DA:53,0
DA:64,27
DA:69,14
DA:71,6
DA:73,2
DA:75,4
DA:77,0
DA:79,0
DA:81,2
DA:83,0
DA:94,27
DA:99,6
DA:100,0
DA:103,6
DA:104,6
DA:106,6
DA:107,14
DA:109,14
DA:110,8
DA:114,6
LF:36
LH:20
BRDA:16,0,0,0
BRDA:16,0,1,0
BRDA:16,0,2,0
BRDA:39,1,0,0
BRDA:39,1,1,0
BRDA:39,1,2,0
BRDA:39,1,3,0
BRDA:39,1,4,0
BRDA:39,1,5,0
BRDA:39,1,6,0
BRDA:69,2,0,6
BRDA:69,2,1,2
BRDA:69,2,2,4
BRDA:69,2,3,0
BRDA:69,2,4,0
BRDA:69,2,5,2
BRDA:69,2,6,0
BRDA:99,3,0,0
BRDA:109,4,0,8
BRF:19
BRH:5
end_of_record
TN:
SF:src\web\app\components\comment-box\comments-to-comment-table-model.pipe.ts
FN:13,(anonymous_0)
FN:15,(anonymous_1)
FN:18,(anonymous_2)
FNF:3
FNH:3
FNDA:8,(anonymous_0)
FNDA:3,(anonymous_1)
FNDA:4,(anonymous_2)
DA:1,23
DA:4,23
DA:12,23
DA:13,8
DA:16,3
DA:19,4
LF:6
LH:6
BRDA:13,0,0,23
BRDA:13,0,1,0
BRDA:13,1,0,23
BRDA:13,1,1,23
BRF:4
BRH:3
end_of_record
TN:
SF:src\web\app\components\comment-box\comment-edit-form\comment-edit-form.component.ts
FN:87,(anonymous_0)
FN:91,(anonymous_1)
FN:98,(anonymous_2)
FN:125,(anonymous_3)
FN:132,(anonymous_4)
FN:139,(anonymous_5)
FN:149,(anonymous_6)
FN:156,(anonymous_7)
FN:163,(anonymous_8)
FNF:9
FNH:4
FNDA:6,(anonymous_0)
FNDA:6,(anonymous_1)
FNDA:5,(anonymous_2)
FNDA:0,(anonymous_3)
FNDA:0,(anonymous_4)
FNDA:4,(anonymous_5)
FNDA:0,(anonymous_6)
FNDA:0,(anonymous_7)
FNDA:0,(anonymous_8)
DA:1,26
DA:3,26
DA:4,26
DA:5,26
DA:11,26
DA:12,26
DA:13,26
DA:35,26
DA:38,6
DA:39,6
DA:40,6
DA:41,6
DA:44,6
DA:47,6
DA:56,6
DA:62,6
DA:64,6
DA:67,6
DA:70,6
DA:73,6
DA:76,6
DA:79,6
DA:82,6
DA:84,6
DA:87,6
DA:88,6
DA:92,6
DA:93,0
DA:94,0
DA:99,5
DA:100,5
DA:101,1
DA:105,1
DA:108,4
DA:111,4
DA:126,0
DA:133,0
DA:140,4
DA:150,0
DA:157,0
DA:165,0
DA:166,0
DA:168,0
DA:170,0
LF:44
LH:34
BRDA:92,0,0,0
BRDA:100,1,0,1
BRDA:100,1,1,4
BRDA:165,2,0,0
BRDA:165,2,1,0
BRDA:87,3,0,26
BRDA:87,3,1,0
BRDA:87,4,0,26
BRDA:87,4,1,26
BRF:9
BRH:5
end_of_record
TN:
SF:src\web\app\components\comment-box\comment-row\comment-row.component.ts
FN:106,(anonymous_0)
FN:111,(anonymous_1)
FN:130,(anonymous_2)
FN:137,(anonymous_3)
FN:144,(anonymous_4)
FN:149,(anonymous_5)
FN:151,(anonymous_6)
FN:157,(anonymous_7)
FNF:8
FNH:3
FNDA:11,(anonymous_0)
FNDA:10,(anonymous_1)
FNDA:0,(anonymous_2)
FNDA:0,(anonymous_3)
FNDA:0,(anonymous_4)
FNDA:0,(anonymous_5)
FNDA:0,(anonymous_6)
FNDA:4,(anonymous_7)
DA:1,25
DA:4,25
DA:5,25
DA:12,25
DA:13,25
DA:15,25
DA:46,25
DA:49,11
DA:50,11
DA:53,11
DA:56,11
DA:59,11
DA:62,11
DA:65,11
DA:68,11
DA:71,11
DA:74,11
DA:80,11
DA:83,11
DA:95,11
DA:98,11
DA:100,11
DA:102,11
DA:106,11
DA:107,11
DA:108,11
DA:112,10
DA:113,6
DA:114,6
DA:116,6
DA:118,0
DA:122,0
DA:131,0
DA:138,0
DA:145,0
DA:149,0
DA:150,0
DA:158,4
LF:38
LH:31
BRDA:112,0,0,6
BRDA:114,1,0,6
BRDA:114,1,1,0
BRDA:106,2,0,25
BRDA:106,2,1,0
BRDA:106,3,0,25
BRDA:106,3,1,25
BRDA:106,4,0,25
BRDA:106,4,1,0
BRDA:106,5,0,25
BRDA:106,5,1,25
BRF:11
BRH:8
end_of_record
TN:
SF:src\web\app\components\comment-box\comment-row\comment-row.mode.ts
FN:4,(anonymous_0)
FNF:1
FNH:1
FNDA:26,(anonymous_0)
DA:4,26
DA:8,26
DA:13,26
LF:3
LH:3
BRDA:4,0,0,26
BRDA:4,0,1,26
BRF:2
BRH:2
end_of_record
TN:
SF:src\web\app\components\comment-box\comment-table\comment-table.component.ts
FN:77,(anonymous_1)
FN:84,(anonymous_2)
FN:91,(anonymous_3)
FN:98,(anonymous_4)
FN:107,(anonymous_5)
FN:114,(anonymous_6)
FN:121,(anonymous_7)
FN:139,(anonymous_8)
FNF:8
FNH:2
FNDA:0,(anonymous_1)
FNDA:0,(anonymous_2)
FNDA:0,(anonymous_3)
FNDA:0,(anonymous_4)
FNDA:2,(anonymous_5)
FNDA:2,(anonymous_6)
FNDA:0,(anonymous_7)
FNDA:0,(anonymous_8)
DA:1,24
DA:5,24
DA:7,24
DA:29,24
DA:32,4
DA:38,4
DA:41,4
DA:44,4
DA:60,4
DA:63,4
DA:66,4
DA:69,4
DA:72,4
DA:78,0
DA:85,0
DA:92,0
DA:99,0
DA:100,0
DA:101,0
DA:108,2
DA:115,2
DA:122,0
DA:124,0
DA:125,0
DA:132,0
DA:133,0
DA:140,0
LF:27
LH:15
BRF:0
BRH:0
end_of_record
TN:
SF:src\web\app\components\comment-box\comment-table-modal\comment-table-modal.component.ts
FN:55,(anonymous_1)
FN:65,(anonymous_2)
FN:72,(anonymous_3)
FN:79,(anonymous_4)
FN:86,(anonymous_5)
FNF:5
FNH:1
FNDA:0,(anonymous_1)
FNDA:0,(anonymous_2)
FNDA:0,(anonymous_3)
FNDA:0,(anonymous_4)
FNDA:1,(anonymous_5)
DA:1,23
DA:2,23
DA:16,23
DA:22,1
DA:25,1
DA:44,1
DA:47,1
DA:50,1
DA:53,1
DA:56,0
DA:58,0
DA:66,0
DA:73,0
DA:80,0
DA:87,1
LF:15
LH:10
BRDA:56,0,0,0
BRF:1
BRH:0
end_of_record
TN:
SF:src\web\app\components\copy-course-modal\copy-course-modal.component.ts
FN:14,(anonymous_0)
FN:54,(anonymous_1)
FN:58,(anonymous_2)
FN:60,(anonymous_3)
FN:66,(anonymous_4)
FN:76,(anonymous_5)
FN:84,(anonymous_6)
FN:107,(anonymous_7)
FN:118,(anonymous_8)
FN:129,(anonymous_9)
FN:136,(anonymous_10)
FNF:11
FNH:5
FNDA:7756,(anonymous_0)
FNDA:7,(anonymous_1)
FNDA:7,(anonymous_2)
FNDA:4130,(anonymous_3)
FNDA:0,(anonymous_4)
FNDA:0,(anonymous_5)
FNDA:0,(anonymous_6)
FNDA:1,(anonymous_7)
FNDA:0,(anonymous_8)
FNDA:0,(anonymous_9)
FNDA:0,(anonymous_10)
DA:1,5
DA:2,5
DA:3,5
DA:4,5
DA:6,5
DA:14,7756
DA:24,5
DA:27,7
DA:28,7
DA:31,7
DA:34,7
DA:37,7
DA:39,7
DA:41,7
DA:42,7
DA:43,7
DA:44,7
DA:45,7
DA:46,7
DA:47,7
DA:48,7
DA:49,7
DA:50,7
DA:52,7
DA:54,7
DA:55,7
DA:56,7
DA:59,7
DA:61,4130
DA:62,4130
DA:63,4130
DA:64,4130
DA:66,7
DA:67,7
DA:68,0
DA:70,7
DA:77,0
DA:78,0
DA:80,0
DA:83,0
DA:84,0
DA:85,0
DA:86,0
DA:88,0
DA:91,0
DA:101,0
DA:108,1
DA:109,1
DA:111,0
DA:119,0
DA:120,0
DA:122,0
DA:130,0
DA:137,0
DA:139,0
DA:140,0
LF:56
LH:37
BRDA:63,0,0,1631
BRDA:63,0,1,2499
BRDA:64,1,0,252
BRDA:64,1,1,3878
BRDA:67,2,0,0
BRDA:77,3,0,0
BRDA:77,4,0,0
BRDA:77,4,1,0
BRDA:85,5,0,0
BRDA:108,6,0,1
BRDA:108,6,1,0
BRDA:119,7,0,0
BRDA:119,7,1,0
BRDA:119,8,0,0
BRDA:119,8,1,0
BRDA:119,9,0,0
BRDA:119,9,1,0
BRDA:139,10,0,0
BRDA:54,11,0,5
BRDA:54,11,1,0
BRDA:54,12,0,5
BRDA:54,12,1,5
BRDA:54,13,0,5
BRDA:54,13,1,0
BRDA:54,14,0,5
BRDA:54,14,1,5
BRDA:55,15,0,5
BRDA:55,15,1,0
BRDA:55,16,0,5
BRDA:55,16,1,5
BRF:30
BRH:14
end_of_record
TN:
SF:src\web\app\components\copy-session-modal\copy-session-modal.component.ts
FN:28,(anonymous_0)
FN:33,(anonymous_1)
FN:44,(anonymous_2)
FNF:3
FNH:2
FNDA:4,(anonymous_0)
FNDA:0,(anonymous_1)
FNDA:1,(anonymous_2)
DA:1,5
DA:2,5
DA:4,5
DA:14,5
DA:17,4
DA:20,4
DA:23,4
DA:25,4
DA:26,4
DA:28,4
DA:34,0
DA:45,1
DA:46,0
DA:48,1
LF:14
LH:12
BRDA:45,0,0,0
BRDA:45,0,1,1
BRDA:28,1,0,5
BRDA:28,1,1,0
BRDA:28,2,0,5
BRDA:28,2,1,5
BRF:6
BRH:4
end_of_record
TN:
SF:src\web\app\components\course-edit-form\course-edit-form-model.ts
FN:6,(anonymous_0)
FN:96,(anonymous_1)
FN:103,(anonymous_2)
FN:110,(anonymous_3)
FNF:4
FNH:4
FNDA:4,(anonymous_0)
FNDA:14,(anonymous_1)
FNDA:15,(anonymous_2)
FNDA:25,(anonymous_3)
DA:6,4
DA:10,4
DA:15,4
DA:57,4
DA:66,4
DA:72,4
DA:83,4
DA:96,4
DA:97,14
DA:103,4
DA:104,15
DA:110,4
DA:111,25
LF:13
LH:13
BRDA:6,0,0,4
BRDA:6,0,1,4
BRF:2
BRH:2
end_of_record
TN:
SF:src\web\app\components\course-edit-form\course-edit-form.component.ts
FN:21,(anonymous_0)
FN:76,(anonymous_1)
FN:51,(anonymous_2)
FN:82,(anonymous_3)
FN:86,(anonymous_4)
FN:90,(anonymous_5)
FN:94,(anonymous_6)
FN:98,(anonymous_7)
FN:102,(anonymous_8)
FN:106,(anonymous_9)
FN:110,(anonymous_10)
FN:114,(anonymous_11)
FN:118,(anonymous_12)
FN:124,(anonymous_13)
FN:141,(anonymous_14)
FN:144,(anonymous_15)
FN:148,(anonymous_16)
FN:151,(anonymous_17)
FN:158,(anonymous_18)
FN:173,(anonymous_19)
FN:183,(anonymous_20)
FN:189,(anonymous_21)
FN:205,(anonymous_22)
FN:212,(anonymous_23)
FN:219,(anonymous_24)
FN:231,(anonymous_25)
FN:238,(anonymous_26)
FN:241,(anonymous_27)
FN:244,(anonymous_28)
FN:248,(anonymous_29)
FN:249,(anonymous_30)
FN:256,(anonymous_31)
FN:257,(anonymous_32)
FN:258,(anonymous_33)
FNF:34
FNH:24
FNDA:7768,(anonymous_0)
FNDA:14,(anonymous_1)
FNDA:11,(anonymous_2)
FNDA:161,(anonymous_3)
FNDA:255,(anonymous_4)
FNDA:46,(anonymous_5)
FNDA:124,(anonymous_6)
FNDA:84,(anonymous_7)
FNDA:20,(anonymous_8)
FNDA:30,(anonymous_9)
FNDA:54,(anonymous_10)
FNDA:110,(anonymous_11)
FNDA:0,(anonymous_12)
FNDA:13,(anonymous_13)
FNDA:1,(anonymous_14)
FNDA:14,(anonymous_15)
FNDA:4,(anonymous_16)
FNDA:0,(anonymous_17)
FNDA:11,(anonymous_18)
FNDA:0,(anonymous_19)
FNDA:1,(anonymous_20)
FNDA:0,(anonymous_21)
FNDA:0,(anonymous_22)
FNDA:0,(anonymous_23)
FNDA:1,(anonymous_24)
FNDA:1,(anonymous_25)
FNDA:1,(anonymous_26)
FNDA:1,(anonymous_27)
FNDA:0,(anonymous_28)
FNDA:1,(anonymous_29)
FNDA:0,(anonymous_30)
FNDA:2,(anonymous_31)
FNDA:0,(anonymous_32)
FNDA:0,(anonymous_33)
DA:1,3
DA:2,3
DA:3,3
DA:4,3
DA:5,3
DA:6,3
DA:7,3
DA:9,3
DA:12,3
DA:13,3
DA:21,3
DA:22,7768
DA:23,7051
DA:25,717
DA:36,3
DA:39,14
DA:40,14
DA:45,14
DA:48,14
DA:51,11
DA:54,14
DA:57,14
DA:60,14
DA:63,14
DA:66,14
DA:69,14
DA:71,14
DA:72,14
DA:73,14
DA:74,14
DA:76,14
DA:77,14
DA:78,14
DA:79,14
DA:83,161
DA:87,255
DA:91,46
DA:95,124
DA:99,84
DA:103,20
DA:107,30
DA:111,54
DA:115,110
DA:119,0
DA:120,0
DA:125,13
DA:126,2
DA:129,11
DA:131,11
DA:132,4
DA:133,4
DA:134,4
DA:137,11
DA:138,7
DA:141,11
DA:145,14
DA:149,4
DA:150,4
DA:151,0
DA:152,4
DA:153,0
DA:159,11
DA:160,4137
DA:161,4137
DA:162,4137
DA:163,4137
DA:174,0
DA:175,0
DA:177,0
DA:184,1
DA:185,0
DA:188,1
DA:189,0
DA:190,0
DA:193,1
DA:194,0
DA:197,1
DA:198,1
DA:206,0
DA:213,0
DA:221,1
DA:222,1
DA:223,1
DA:224,1
DA:232,1
DA:233,1
DA:234,1
DA:235,1
DA:236,1
DA:238,1
DA:239,1
DA:242,1
DA:245,0
DA:248,1
DA:249,0
DA:257,2
DA:258,2
LF:97
LH:82
BRDA:22,0,0,7051
BRDA:91,1,0,32
BRDA:91,1,1,14
BRDA:95,2,0,108
BRDA:95,2,1,16
BRDA:107,3,0,24
BRDA:107,3,1,6
BRDA:111,4,0,28
BRDA:111,4,1,26
BRDA:115,5,0,110
BRDA:115,5,1,94
BRDA:115,5,2,54
BRDA:115,5,3,52
BRDA:119,6,0,0
BRDA:125,7,0,2
BRDA:131,8,0,4
BRDA:137,9,0,7
BRDA:149,10,0,4
BRDA:152,11,0,0
BRDA:162,12,0,1632
BRDA:162,12,1,2505
BRDA:165,13,0,253
BRDA:165,13,1,3884
BRDA:174,14,0,0
BRDA:184,15,0,0
BRDA:188,16,0,0
BRDA:193,17,0,0
BRDA:197,18,0,1
BRDA:221,19,0,1
BRDA:232,20,0,1
BRDA:76,21,0,3
BRDA:76,21,1,0
BRDA:76,22,0,3
BRDA:76,22,1,3
BRDA:76,23,0,3
BRDA:76,23,1,0
BRDA:76,24,0,3
BRDA:76,24,1,3
BRDA:77,25,0,3
BRDA:77,25,1,0
BRDA:77,26,0,3
BRDA:77,26,1,3
BRDA:78,27,0,3
BRDA:78,27,1,0
BRDA:78,28,0,3
BRDA:78,28,1,3
BRF:46
BRH:36
end_of_record
TN:
SF:src\web\app\components\course-related-info\course-related-info.component.ts
FNF:0
FNH:0
DA:1,2
DA:12,2
DA:15,1
LF:3
LH:3
BRF:0
BRH:0
end_of_record
TN:
SF:src\web\app\components\datepicker\datepicker-formatter.ts
FN:13,(anonymous_0)
FN:26,(anonymous_1)
FNF:2
FNH:1
FNDA:76,(anonymous_0)
FNDA:0,(anonymous_1)
DA:1,9
DA:2,9
DA:3,9
DA:5,9
DA:11,9
DA:14,76
DA:15,64
DA:18,12
DA:19,12
DA:20,12
DA:21,12
DA:23,12
DA:27,0
DA:28,0
LF:14
LH:12
BRDA:14,0,0,64
BRF:1
BRH:1
end_of_record
TN:
SF:src\web\app\components\datepicker\datepicker.component.ts
FN:30,(anonymous_0)
FN:32,(anonymous_1)
FN:36,(anonymous_2)
FNF:3
FNH:1
FNDA:32,(anonymous_0)
FNDA:0,(anonymous_1)
FNDA:0,(anonymous_2)
DA:1,11
DA:2,11
DA:13,11
DA:19,32
DA:28,32
DA:30,32
DA:33,0
DA:37,0
DA:38,0
LF:9
LH:6
BRDA:30,0,0,11
BRDA:30,0,1,0
BRDA:30,1,0,11
BRDA:30,1,1,11
BRF:4
BRH:3
end_of_record
TN:
SF:src\web\app\components\error-report\error-report.component.ts
FN:29,(anonymous_0)
FN:33,(anonymous_1)
FN:42,(anonymous_2)
FN:51,(anonymous_3)
FN:56,(anonymous_4)
FNF:5
FNH:5
FNDA:5,(anonymous_0)
FNDA:5,(anonymous_1)
FNDA:2,(anonymous_2)
FNDA:1,(anonymous_3)
FNDA:1,(anonymous_4)
DA:1,7
DA:2,7
DA:3,7
DA:4,7
DA:5,7
DA:17,7
DA:19,5
DA:20,5
DA:21,5
DA:22,5
DA:23,5
DA:24,5
DA:25,5
DA:26,5
DA:27,5
DA:29,5
DA:30,5
DA:31,5
DA:34,5
DA:35,0
DA:43,2
DA:49,2
DA:50,2
DA:52,1
DA:53,1
DA:54,1
DA:57,1
DA:58,1
LF:28
LH:27
BRDA:34,0,0,0
BRDA:29,1,0,7
BRDA:29,1,1,0
BRDA:29,2,0,7
BRDA:29,2,1,7
BRDA:29,3,0,7
BRDA:29,3,1,0
BRDA:29,4,0,7
BRDA:29,4,1,7
BRDA:30,5,0,7
BRDA:30,5,1,0
BRDA:30,6,0,7
BRDA:30,6,1,7
BRF:13
BRH:9
end_of_record
TN:
SF:src\web\app\components\extension-confirm-modal\extension-confirm-modal.component.ts
FN:10,(anonymous_0)
FN:40,(anonymous_1)
FN:52,(anonymous_2)
FN:57,(anonymous_3)
FN:61,(anonymous_4)
FN:65,(anonymous_5)
FN:69,(anonymous_6)
FN:75,(anonymous_7)
FN:82,(anonymous_8)
FN:85,(anonymous_9)
FN:117,(anonymous_10)
FN:123,(anonymous_11)
FN:130,(anonymous_12)
FN:133,(anonymous_13)
FNF:14
FNH:6
FNDA:4,(anonymous_0)
FNDA:3,(anonymous_1)
FNDA:0,(anonymous_2)
FNDA:38,(anonymous_3)
FNDA:38,(anonymous_4)
FNDA:26,(anonymous_5)
FNDA:0,(anonymous_6)
FNDA:10,(anonymous_7)
FNDA:0,(anonymous_8)
FNDA:0,(anonymous_9)
FNDA:0,(anonymous_10)
FNDA:0,(anonymous_11)
FNDA:0,(anonymous_12)
FNDA:0,(anonymous_13)
DA:1,4
DA:2,4
DA:3,4
DA:4,4
DA:10,4
DA:11,4
DA:12,4
DA:13,4
DA:21,4
DA:23,3
DA:26,3
DA:29,3
DA:32,3
DA:35,3
DA:38,3
DA:40,3
DA:42,3
DA:43,3
DA:44,3
DA:45,3
DA:46,3
DA:47,3
DA:49,3
DA:50,3
DA:53,0
DA:54,0
DA:58,38
DA:62,38
DA:66,26
DA:70,0
DA:71,0
DA:72,0
DA:76,10
DA:77,8
DA:79,2
DA:85,0
DA:88,0
DA:90,0
DA:91,0
DA:92,0
DA:94,0
DA:95,0
DA:96,0
DA:98,0
DA:99,0
DA:100,0
DA:102,0
DA:103,0
DA:104,0
DA:106,0
DA:107,0
DA:108,0
DA:110,0
DA:111,0
DA:113,0
DA:118,0
DA:119,0
DA:120,0
DA:124,0
DA:125,0
DA:127,0
DA:133,0
DA:136,0
DA:138,0
DA:139,0
DA:140,0
DA:142,0
DA:143,0
DA:144,0
DA:146,0
DA:147,0
DA:148,0
DA:150,0
DA:151,0
DA:152,0
DA:154,0
DA:155,0
DA:157,0
LF:78
LH:30
BRDA:10,0,0,4
BRDA:10,0,1,4
BRDA:71,1,0,0
BRDA:71,1,1,0
BRDA:76,2,0,8
BRDA:79,3,0,0
BRDA:79,3,1,2
BRDA:88,4,0,0
BRDA:88,4,1,0
BRDA:88,4,2,0
BRDA:88,4,3,0
BRDA:88,4,4,0
BRDA:88,4,5,0
BRDA:119,5,0,0
BRDA:119,5,1,0
BRDA:124,6,0,0
BRDA:127,7,0,0
BRDA:127,7,1,0
BRDA:136,8,0,0
BRDA:136,8,1,0
BRDA:136,8,2,0
BRDA:136,8,3,0
BRDA:136,8,4,0
BRDA:146,9,0,0
BRDA:146,9,1,0
BRDA:147,10,0,0
BRDA:147,10,1,0
BRDA:40,11,0,4
BRDA:40,11,1,0
BRDA:40,12,0,4
BRDA:40,12,1,4
BRDA:40,13,0,4
BRDA:40,13,1,0
BRDA:40,14,0,4
BRDA:40,14,1,4
BRF:35
BRH:10
end_of_record
TN:
SF:src\web\app\components\feedback-path-panel\feedback-path-panel.component.ts
FN:88,(anonymous_1)
FN:92,(anonymous_2)
FN:96,(anonymous_3)
FN:100,(anonymous_4)
FN:104,(anonymous_5)
FN:105,(anonymous_6)
FN:108,(anonymous_7)
FN:119,(anonymous_8)
FNF:8
FNH:1
FNDA:0,(anonymous_1)
FNDA:0,(anonymous_2)
FNDA:0,(anonymous_3)
FNDA:0,(anonymous_4)
FNDA:0,(anonymous_5)
FNDA:0,(anonymous_6)
FNDA:78,(anonymous_7)
FNDA:0,(anonymous_8)
DA:1,7
DA:2,7
DA:18,7
DA:21,12
DA:22,12
DA:23,12
DA:27,12
DA:67,12
DA:70,12
DA:73,12
DA:76,12
DA:79,12
DA:83,12
DA:86,12
DA:89,0
DA:93,0
DA:97,0
DA:101,0
DA:105,0
DA:109,78
DA:110,78
DA:111,78
DA:113,78
DA:123,0
DA:124,0
DA:125,0
DA:126,0
DA:128,0
DA:130,0
DA:132,0
DA:137,0
LF:31
LH:18
BRDA:110,0,0,78
BRDA:125,1,0,0
BRDA:128,2,0,0
BRDA:128,2,1,0
BRDA:128,3,0,0
BRDA:128,3,1,0
BRDA:130,4,0,0
BRF:7
BRH:1
end_of_record
TN:
SF:src\web\app\components\loader-bar\loader-bar.component.ts
FN:16,(anonymous_0)
FN:19,(anonymous_1)
FN:20,(anonymous_2)
FNF:3
FNH:2
FNDA:8,(anonymous_0)
FNDA:8,(anonymous_1)
FNDA:0,(anonymous_2)
DA:1,8
DA:2,8
DA:12,8
DA:14,8
DA:16,8
DA:20,8
LF:6
LH:6
BRDA:16,0,0,8
BRDA:16,0,1,0
BRDA:16,1,0,8
BRDA:16,1,1,8
BRF:4
BRH:3
end_of_record
TN:
SF:src\web\app\components\loading-retry\loading-retry.component.ts
FNF:0
FNH:0
DA:1,38
DA:11,38
DA:13,458
DA:15,458
DA:17,458
DA:19,458
LF:6
LH:6
BRF:0
BRH:0
end_of_record
TN:
SF:src\web\app\components\loading-spinner\loading-spinner.component.ts
FN:14,(anonymous_0)
FN:16,(anonymous_1)
FNF:2
FNH:2
FNDA:1281,(anonymous_0)
FNDA:508,(anonymous_1)
DA:1,59
DA:11,59
DA:12,1281
DA:16,1281
LF:4
LH:4
BRF:0
BRH:0
end_of_record
TN:
SF:src\web\app\components\loading-spinner\loading-spinner.directive.ts
FN:19,(anonymous_0)
FN:24,(anonymous_1)
FNF:2
FNH:2
FNDA:725,(anonymous_0)
FNDA:947,(anonymous_1)
DA:1,58
DA:8,58
DA:16,58
DA:19,725
DA:20,725
DA:21,725
DA:25,947
DA:27,947
DA:28,555
DA:30,392
LF:10
LH:10
BRDA:27,0,0,555
BRDA:27,0,1,392
BRDA:19,1,0,58
BRDA:19,1,1,0
BRDA:19,2,0,58
BRDA:19,2,1,58
BRDA:19,3,0,58
BRDA:19,3,1,0
BRDA:19,4,0,58
BRDA:19,4,1,58
BRF:10
BRH:8
end_of_record
TN:
SF:src\web\app\components\logs-histogram\logs-histogram.component.ts
FN:27,(anonymous_1)
FN:32,(anonymous_2)
FN:38,(anonymous_3)
FN:52,(anonymous_4)
FN:57,(anonymous_5)
FN:70,(anonymous_6)
FN:71,(anonymous_7)
FN:72,(anonymous_8)
FN:91,(anonymous_9)
FN:92,(anonymous_10)
FN:93,(anonymous_11)
FN:100,(anonymous_12)
FN:101,(anonymous_13)
FN:102,(anonymous_14)
FN:105,(anonymous_15)
FN:110,(anonymous_16)
FN:117,(anonymous_17)
FNF:17
FNH:3
FNDA:1,(anonymous_1)
FNDA:0,(anonymous_2)
FNDA:1,(anonymous_3)
FNDA:0,(anonymous_4)
FNDA:0,(anonymous_5)
FNDA:1,(anonymous_6)
FNDA:0,(anonymous_7)
FNDA:0,(anonymous_8)
FNDA:0,(anonymous_9)
FNDA:0,(anonymous_10)
FNDA:0,(anonymous_11)
FNDA:0,(anonymous_12)
FNDA:0,(anonymous_13)
FNDA:0,(anonymous_14)
FNDA:0,(anonymous_15)
FNDA:0,(anonymous_16)
FNDA:0,(anonymous_17)
DA:1,2
DA:2,2
DA:13,2
DA:16,1
DA:20,1
DA:21,1
DA:22,1
DA:28,1
DA:29,1
DA:33,0
DA:34,0
DA:39,1
DA:40,1
DA:42,1
DA:47,1
DA:51,1
DA:52,0
DA:56,1
DA:57,0
DA:60,1
DA:64,1
DA:71,1
DA:72,1
DA:73,1
DA:75,1
DA:85,1
DA:88,1
DA:90,1
DA:91,0
DA:92,0
DA:93,0
DA:96,1
DA:100,0
DA:101,0
DA:102,0
DA:106,0
DA:111,0
DA:112,0
DA:113,0
DA:117,0
LF:40
LH:25
BRDA:33,0,0,0
BRDA:57,1,0,1
BRDA:57,1,1,1
BRF:3
BRH:2
end_of_record
TN:
SF:src\web\app\components\logs-table\logs-table.component.ts
FN:33,(anonymous_1)
FN:37,(anonymous_2)
FN:50,(anonymous_3)
FN:54,(anonymous_4)
FN:58,(anonymous_5)
FN:62,(anonymous_6)
FN:66,(anonymous_7)
FNF:7
FNH:0
FNDA:0,(anonymous_1)
FNDA:0,(anonymous_2)
FNDA:0,(anonymous_3)
FNDA:0,(anonymous_4)
FNDA:0,(anonymous_5)
FNDA:0,(anonymous_6)
FNDA:0,(anonymous_7)
DA:1,2
DA:2,2
DA:13,2
DA:15,1
DA:18,1
DA:20,1
DA:23,1
DA:25,1
DA:27,1
DA:29,1
DA:31,1
DA:34,0
DA:38,0
DA:40,0
DA:42,0
DA:44,0
DA:46,0
DA:51,0
DA:55,0
DA:59,0
DA:63,0
DA:67,0
LF:22
LH:11
BRDA:38,0,0,0
BRDA:38,0,1,0
BRDA:38,0,2,0
BRDA:38,0,3,0
BRF:4
BRH:0
end_of_record
TN:
SF:src\web\app\components\logs-table\log-details\email-log-details.component.ts
FN:19,(anonymous_0)
FN:23,(anonymous_1)
FNF:2
FNH:0
FNDA:0,(anonymous_0)
FNDA:0,(anonymous_1)
DA:1,3
DA:2,3
DA:12,3
DA:20,0
DA:24,0
DA:25,0
DA:26,0
DA:27,0
DA:28,0
DA:29,0
LF:10
LH:3
BRDA:25,0,0,0
BRDA:25,1,0,0
BRDA:25,1,1,0
BRF:3
BRH:0
end_of_record
TN:
SF:src\web\app\components\logs-table\log-details\exception-log-details.component.ts
FN:19,(anonymous_0)
FN:23,(anonymous_1)
FN:38,(anonymous_2)
FN:53,(anonymous_3)
FNF:4
FNH:0
FNDA:0,(anonymous_0)
FNDA:0,(anonymous_1)
FNDA:0,(anonymous_2)
FNDA:0,(anonymous_3)
DA:1,3
DA:2,3
DA:12,3
DA:20,0
DA:24,0
DA:25,0
DA:26,0
DA:27,0
DA:29,0
DA:30,0
DA:31,0
DA:32,0
DA:33,0
DA:39,0
DA:40,0
DA:42,0
DA:43,0
DA:46,0
DA:47,0
DA:48,0
DA:49,0
DA:50,0
DA:52,0
DA:53,0
DA:56,0
LF:25
LH:3
BRDA:25,0,0,0
BRDA:25,1,0,0
BRDA:25,1,1,0
BRDA:30,2,0,0
BRDA:39,3,0,0
BRDA:42,4,0,0
BRDA:42,5,0,0
BRDA:42,5,1,0
BRDA:49,6,0,0
BRDA:49,7,0,0
BRDA:49,7,1,0
BRF:11
BRH:0
end_of_record
TN:
SF:src\web\app\components\logs-table\log-details\generic-log-details.component.ts
FN:17,(anonymous_0)
FN:21,(anonymous_1)
FNF:2
FNH:1
FNDA:2,(anonymous_0)
FNDA:0,(anonymous_1)
DA:1,3
DA:12,3
DA:18,2
DA:22,0
LF:4
LH:3
BRF:0
BRH:0
end_of_record
TN:
SF:src\web\app\components\logs-table\log-details\request-log-details.component.ts
FN:23,(anonymous_1)
FN:27,(anonymous_2)
FN:47,(anonymous_3)
FNF:3
FNH:0
FNDA:0,(anonymous_1)
FNDA:0,(anonymous_2)
FNDA:0,(anonymous_3)
DA:1,3
DA:2,3
DA:12,3
DA:20,1
DA:24,0
DA:28,0
DA:29,0
DA:30,0
DA:31,0
DA:32,0
DA:34,0
DA:35,0
DA:36,0
DA:37,0
DA:43,0
DA:48,0
LF:16
LH:4
BRDA:29,0,0,0
BRDA:29,1,0,0
BRDA:29,1,1,0
BRDA:34,2,0,0
BRF:4
BRH:0
end_of_record
TN:
SF:src\web\app\components\logs-table\log-line\exception-log-line.component.ts
FN:22,(anonymous_1)
FN:26,(anonymous_2)
FN:35,(anonymous_3)
FNF:3
FNH:0
FNDA:0,(anonymous_1)
FNDA:0,(anonymous_2)
FNDA:0,(anonymous_3)
DA:1,3
DA:2,3
DA:12,3
DA:15,1
DA:16,1
DA:19,1
DA:23,0
DA:27,0
DA:28,0
DA:29,0
DA:30,0
DA:31,0
DA:36,0
LF:13
LH:6
BRDA:28,0,0,0
BRDA:28,1,0,0
BRDA:28,1,1,0
BRDA:31,2,0,0
BRDA:31,2,1,0
BRF:5
BRH:0
end_of_record
TN:
SF:src\web\app\components\logs-table\log-line\generic-log-line.component.ts
FN:18,(anonymous_1)
FN:22,(anonymous_2)
FNF:2
FNH:0
FNDA:0,(anonymous_1)
FNDA:0,(anonymous_2)
DA:1,3
DA:12,3
DA:15,1
DA:19,0
DA:23,0
DA:24,0
DA:25,0
DA:26,0
DA:27,0
LF:9
LH:3
BRDA:24,0,0,0
BRDA:24,0,1,0
BRDA:26,1,0,0
BRDA:27,2,0,0
BRDA:27,2,1,0
BRF:5
BRH:0
end_of_record
TN:
SF:src\web\app\components\logs-table\log-line\request-log-line.component.ts
FN:24,(anonymous_1)
FN:28,(anonymous_2)
FN:39,(anonymous_3)
FN:53,(anonymous_4)
FNF:4
FNH:1
FNDA:0,(anonymous_1)
FNDA:0,(anonymous_2)
FNDA:2,(anonymous_3)
FNDA:0,(anonymous_4)
DA:1,3
DA:2,3
DA:12,3
DA:15,1
DA:16,1
DA:18,1
DA:21,1
DA:25,0
DA:29,0
DA:30,0
DA:31,0
DA:32,0
DA:33,0
DA:34,0
DA:35,0
DA:40,2
DA:41,2
DA:43,0
DA:45,0
DA:47,0
DA:49,2
DA:54,0
LF:22
LH:10
BRDA:30,0,0,0
BRDA:30,1,0,0
BRDA:30,1,1,0
BRDA:41,2,0,0
BRDA:41,2,1,0
BRDA:41,2,2,0
BRDA:41,2,3,2
BRF:7
BRH:1
end_of_record
TN:
SF:src\web\app\components\modified-timestamps-modal\modified-timestamps-modal.component.ts
FNF:0
FNH:0
DA:1,4
DA:9,4
DA:11,4
DA:13,4
LF:4
LH:4
BRF:0
BRH:0
end_of_record
TN:
SF:src\web\app\components\notification-banner\notification-banner.component.ts
FN:28,(anonymous_0)
FN:31,(anonymous_1)
FN:37,(anonymous_2)
FN:44,(anonymous_3)
FN:46,(anonymous_4)
FN:51,(anonymous_5)
FN:57,(anonymous_6)
FN:61,(anonymous_7)
FN:67,(anonymous_8)
FN:71,(anonymous_9)
FNF:10
FNH:8
FNDA:7,(anonymous_0)
FNDA:8,(anonymous_1)
FNDA:0,(anonymous_2)
FNDA:1,(anonymous_3)
FNDA:1,(anonymous_4)
FNDA:1,(anonymous_5)
FNDA:1,(anonymous_6)
FNDA:0,(anonymous_7)
FNDA:2,(anonymous_8)
FNDA:8,(anonymous_9)
DA:1,8
DA:2,8
DA:3,8
DA:4,8
DA:6,8
DA:17,8
DA:20,7
DA:23,7
DA:25,7
DA:26,7
DA:28,7
DA:29,7
DA:32,8
DA:33,1
DA:39,0
DA:40,0
DA:45,1
DA:47,1
DA:52,1
DA:58,1
DA:59,1
DA:62,0
DA:68,2
DA:72,8
LF:24
LH:21
BRDA:32,0,0,1
BRDA:39,1,0,0
BRDA:28,2,0,8
BRDA:28,2,1,0
BRDA:28,3,0,8
BRDA:28,3,1,8
BRDA:28,4,0,8
BRDA:28,4,1,0
BRDA:28,5,0,8
BRDA:28,5,1,8
BRF:10
BRH:7
end_of_record
TN:
SF:src\web\app\components\panel-chevron\panel-chevron.component.ts
FNF:0
FNH:0
DA:1,37
DA:13,37
DA:15,222
LF:3
LH:3
BRF:0
BRH:0
end_of_record
TN:
SF:src\web\app\components\preview-session-panel\preview-session-panel.component.ts
FNF:0
FNH:0
DA:1,4
DA:15,4
DA:18,5
DA:21,5
DA:24,5
DA:27,5
DA:30,5
DA:33,5
DA:36,5
LF:9
LH:9
BRF:0
BRH:0
end_of_record
TN:
SF:src\web\app\components\preview-session-result-panel\preview-session-result-panel.component.ts
FNF:0
FNH:0
DA:1,2
DA:15,2
DA:18,1
DA:21,1
DA:24,1
DA:27,1
DA:30,1
DA:33,1
DA:36,1
LF:9
LH:9
BRF:0
BRH:0
end_of_record
TN:
SF:src\web\app\components\progress-bar\progress-bar.component.ts
FN:15,(anonymous_0)
FN:17,(anonymous_1)
FN:21,(anonymous_2)
FN:22,(anonymous_3)
FNF:4
FNH:3
FNDA:2,(anonymous_0)
FNDA:2,(anonymous_1)
FNDA:2,(anonymous_2)
FNDA:0,(anonymous_3)
DA:1,7
DA:2,7
DA:11,7
DA:13,2
DA:15,2
DA:18,2
DA:22,2
DA:23,0
LF:8
LH:7
BRDA:15,0,0,7
BRDA:15,0,1,0
BRDA:15,1,0,7
BRDA:15,1,1,7
BRF:4
BRH:3
end_of_record
TN:
SF:src\web\app\components\question-edit-brief-description-form\question-edit-brief-description-form.component.ts
FN:34,(anonymous_1)
FN:41,(anonymous_2)
FNF:2
FNH:0
FNDA:0,(anonymous_1)
FNDA:0,(anonymous_2)
DA:1,7
DA:11,7
DA:14,12
DA:17,12
DA:20,12
DA:23,12
DA:26,12
DA:29,12
DA:35,0
DA:42,0
LF:10
LH:8
BRF:0
BRH:0
end_of_record
TN:
SF:src\web\app\components\question-edit-form\question-edit-form-model.ts
FN:12,(anonymous_0)
FNF:1
FNH:1
FNDA:5,(anonymous_0)
DA:12,5
DA:16,5
DA:21,5
LF:3
LH:3
BRDA:12,0,0,5
BRDA:12,0,1,5
BRF:2
BRH:2
end_of_record
TN:
SF:src\web\app\components\question-edit-form\question-edit-form.component.ts
FN:193,(anonymous_0)
FN:60,(anonymous_1)
FN:107,(anonymous_2)
FN:200,(anonymous_3)
FN:201,(anonymous_4)
FN:207,(anonymous_5)
FN:224,(anonymous_6)
FN:229,(anonymous_7)
FN:232,(anonymous_8)
FN:235,(anonymous_9)
FN:243,(anonymous_10)
FN:254,(anonymous_11)
FN:265,(anonymous_12)
FN:267,(anonymous_13)
FN:270,(anonymous_14)
FN:282,(anonymous_15)
FN:297,(anonymous_16)
FN:299,(anonymous_17)
FN:308,(anonymous_18)
FN:310,(anonymous_19)
FN:320,(anonymous_20)
FN:322,(anonymous_21)
FN:333,(anonymous_22)
FN:340,(anonymous_23)
FNF:24
FNH:7
FNDA:12,(anonymous_0)
FNDA:14,(anonymous_1)
FNDA:22,(anonymous_2)
FNDA:27,(anonymous_3)
FNDA:13,(anonymous_4)
FNDA:4,(anonymous_5)
FNDA:0,(anonymous_6)
FNDA:0,(anonymous_7)
FNDA:0,(anonymous_8)
FNDA:0,(anonymous_9)
FNDA:15,(anonymous_10)
FNDA:0,(anonymous_11)
FNDA:0,(anonymous_12)
FNDA:0,(anonymous_13)
FNDA:0,(anonymous_14)
FNDA:0,(anonymous_15)
FNDA:0,(anonymous_16)
FNDA:0,(anonymous_17)
FNDA:0,(anonymous_18)
FNDA:0,(anonymous_19)
FNDA:0,(anonymous_20)
FNDA:0,(anonymous_21)
FNDA:0,(anonymous_22)
FNDA:0,(anonymous_23)
DA:1,5
DA:3,5
DA:4,5
DA:6,5
DA:13,5
DA:14,5
DA:15,5
DA:16,5
DA:18,5
DA:25,5
DA:32,5
DA:48,5
DA:51,12
DA:52,12
DA:53,12
DA:54,12
DA:56,12
DA:57,12
DA:61,14
DA:63,14
DA:64,14
DA:65,14
DA:67,14
DA:71,14
DA:76,14
DA:78,14
DA:80,14
DA:81,14
DA:84,12
DA:87,14
DA:89,5
DA:90,5
DA:91,24
DA:96,1
DA:97,1
DA:98,1
DA:108,22
DA:112,12
DA:115,12
DA:120,12
DA:123,12
DA:125,12
DA:165,12
DA:168,12
DA:171,12
DA:174,12
DA:177,12
DA:180,12
DA:183,12
DA:185,12
DA:187,12
DA:189,12
DA:193,12
DA:194,12
DA:195,12
DA:201,27
DA:209,4
DA:225,0
DA:229,0
DA:232,0
DA:235,0
DA:244,15
DA:245,15
DA:246,29
DA:248,15
DA:255,0
DA:258,0
DA:259,0
DA:261,0
DA:265,0
DA:266,0
DA:271,0
DA:272,0
DA:274,0
DA:275,0
DA:283,0
DA:284,0
DA:287,0
DA:288,0
DA:289,0
DA:291,0
DA:295,0
DA:297,0
DA:298,0
DA:300,0
DA:302,0
DA:306,0
DA:308,0
DA:309,0
DA:311,0
DA:313,0
DA:318,0
DA:320,0
DA:321,0
DA:325,0
DA:326,0
DA:334,0
DA:341,0
LF:98
LH:61
BRDA:78,0,0,14
BRDA:81,1,0,12
BRDA:81,2,0,14
BRDA:81,2,1,14
BRDA:87,3,0,5
BRDA:87,4,0,14
BRDA:87,4,1,9
BRDA:91,5,0,1
BRDA:91,6,0,24
BRDA:91,6,1,2
BRDA:91,6,2,1
BRDA:201,7,0,27
BRDA:201,7,1,10
BRDA:212,8,0,4
BRDA:212,8,1,4
BRDA:212,8,2,0
BRDA:214,9,0,4
BRDA:214,9,1,4
BRDA:214,9,2,0
BRDA:216,10,0,4
BRDA:216,10,1,1
BRDA:216,10,2,1
BRDA:228,11,0,0
BRDA:228,11,1,0
BRDA:228,11,2,0
BRDA:231,12,0,0
BRDA:231,12,1,0
BRDA:231,12,2,0
BRDA:234,13,0,0
BRDA:234,13,1,0
BRDA:234,13,2,0
BRDA:255,14,0,0
BRDA:255,15,0,0
BRDA:255,15,1,0
BRDA:255,15,2,0
BRDA:262,16,0,0
BRDA:262,16,1,0
BRDA:271,17,0,0
BRDA:274,18,0,0
BRDA:283,19,0,0
BRDA:284,20,0,0
BRDA:284,20,1,0
BRDA:284,20,2,0
BRDA:287,21,0,0
BRDA:287,21,1,0
BRDA:287,22,0,0
BRDA:287,22,1,0
BRDA:287,22,2,0
BRDA:289,23,0,0
BRDA:289,23,1,0
BRDA:300,24,0,0
BRDA:300,24,1,0
BRDA:311,25,0,0
BRDA:325,26,0,0
BRDA:193,27,0,5
BRDA:193,27,1,0
BRDA:193,28,0,5
BRDA:193,28,1,5
BRDA:193,29,0,5
BRDA:193,29,1,0
BRDA:193,30,0,5
BRDA:193,30,1,5
BRF:62
BRH:26
end_of_record
TN:
SF:src\web\app\components\question-response-panel\question-response-panel.component.ts
FN:32,(anonymous_0)
FN:67,(anonymous_1)
FN:70,(anonymous_2)
FN:74,(anonymous_3)
FN:83,(anonymous_4)
FN:96,(anonymous_5)
FN:116,(anonymous_6)
FN:121,(anonymous_7)
FN:128,(anonymous_8)
FNF:9
FNH:7
FNDA:23,(anonymous_0)
FNDA:14,(anonymous_1)
FNDA:8,(anonymous_2)
FNDA:0,(anonymous_3)
FNDA:1,(anonymous_4)
FNDA:1,(anonymous_5)
FNDA:1,(anonymous_6)
FNDA:0,(anonymous_7)
FNDA:3,(anonymous_8)
DA:1,4
DA:2,4
DA:3,4
DA:4,4
DA:14,4
DA:26,4
DA:28,23
DA:32,23
DA:33,23
DA:36,23
DA:39,23
DA:59,23
DA:62,23
DA:65,23
DA:68,14
DA:69,14
DA:70,14
DA:71,8
DA:73,0
DA:74,0
DA:75,0
DA:77,0
DA:84,1
DA:86,0
DA:88,1
DA:97,1
DA:98,1
DA:99,1
DA:100,1
DA:101,1
DA:102,1
DA:103,1
DA:104,1
DA:105,1
DA:106,1
DA:108,0
DA:109,0
DA:110,0
DA:117,1
DA:118,1
DA:119,1
DA:122,0
DA:123,0
DA:129,3
DA:130,1
DA:131,1
LF:46
LH:36
BRDA:69,0,0,14
BRDA:73,1,0,0
BRDA:84,2,0,0
BRDA:98,3,0,1
BRDA:98,3,1,0
BRDA:109,4,0,0
BRDA:129,5,0,1
BRDA:129,6,0,3
BRDA:129,6,1,3
BRDA:129,6,2,3
BRDA:129,6,3,1
BRDA:32,7,0,4
BRDA:32,7,1,0
BRDA:32,8,0,4
BRDA:32,8,1,4
BRDA:32,9,0,4
BRDA:32,9,1,0
BRDA:32,10,0,4
BRDA:32,10,1,4
BRF:19
BRH:13
end_of_record
TN:
SF:src\web\app\components\question-responses\instructor-responses-view-base.ts
FN:52,(anonymous_1)
FN:62,(anonymous_2)
FN:72,(anonymous_3)
FN:79,(anonymous_4)
FN:88,(anonymous_5)
FNF:5
FNH:0
FNDA:0,(anonymous_1)
FNDA:0,(anonymous_2)
FNDA:0,(anonymous_3)
FNDA:0,(anonymous_4)
FNDA:0,(anonymous_5)
DA:1,14
DA:2,14
DA:15,14
DA:16,5
DA:35,5
DA:36,5
DA:38,5
DA:39,5
DA:40,5
DA:44,5
DA:53,0
DA:63,0
DA:73,0
DA:81,0
DA:82,0
DA:89,0
LF:16
LH:10
BRF:0
BRH:0
end_of_record
TN:
SF:src\web\app\components\question-responses\gqr-rqg-view-responses\gqr-rqg-view-responses.component.ts
FN:72,(anonymous_0)
FN:76,(anonymous_1)
FN:80,(anonymous_2)
FN:84,(anonymous_3)
FN:156,(anonymous_4)
FN:196,(anonymous_5)
FNF:6
FNH:3
FNDA:1,(anonymous_0)
FNDA:1,(anonymous_1)
FNDA:0,(anonymous_2)
FNDA:1,(anonymous_3)
FNDA:0,(anonymous_4)
FNDA:0,(anonymous_5)
DA:1,7
DA:2,7
DA:3,7
DA:10,7
DA:13,7
DA:14,7
DA:31,7
DA:33,1
DA:34,1
DA:35,1
DA:36,1
DA:37,1
DA:38,1
DA:39,1
DA:40,1
DA:59,1
DA:61,1
DA:62,1
DA:63,1
DA:65,1
DA:66,1
DA:67,1
DA:69,1
DA:70,1
DA:72,1
DA:73,1
DA:77,1
DA:81,0
DA:85,1
DA:86,1
DA:87,1
DA:88,1
DA:89,1
DA:90,1
DA:91,1
DA:92,1
DA:93,1
DA:94,0
DA:95,0
DA:97,0
DA:100,0
DA:101,0
DA:103,0
DA:106,0
DA:108,0
DA:109,0
DA:112,0
DA:113,0
DA:115,0
DA:116,0
DA:119,0
DA:120,0
DA:121,0
DA:122,0
DA:123,0
DA:125,0
DA:126,0
DA:129,0
DA:130,0
DA:133,0
DA:135,0
DA:136,0
DA:137,0
DA:138,0
DA:140,0
DA:141,0
DA:143,0
DA:144,0
DA:145,0
DA:146,0
DA:148,0
DA:153,1
DA:154,0
DA:155,0
DA:156,0
DA:157,0
DA:159,0
DA:161,0
DA:162,0
DA:164,0
DA:165,0
DA:168,0
DA:171,0
DA:172,0
DA:175,0
DA:178,0
DA:179,0
DA:180,0
DA:188,1
DA:189,0
DA:190,0
DA:193,0
DA:195,0
DA:196,0
DA:197,0
DA:199,0
DA:201,0
DA:202,0
DA:204,0
DA:205,0
DA:208,0
DA:211,0
DA:212,0
DA:215,0
DA:218,0
DA:219,0
DA:220,0
LF:107
LH:38
BRDA:95,0,0,0
BRDA:95,1,0,0
BRDA:95,1,1,0
BRDA:100,2,0,0
BRDA:101,3,0,0
BRDA:101,4,0,0
BRDA:101,4,1,0
BRDA:101,4,2,0
BRDA:101,4,3,0
BRDA:108,5,0,0
BRDA:112,6,0,0
BRDA:115,7,0,0
BRDA:119,8,0,0
BRDA:119,8,1,0
BRDA:120,9,0,0
BRDA:120,9,1,0
BRDA:121,10,0,0
BRDA:125,11,0,0
BRDA:133,12,0,0
BRDA:135,13,0,0
BRDA:135,13,1,0
BRDA:136,14,0,0
BRDA:143,15,0,0
BRDA:143,15,1,0
BRDA:144,16,0,0
BRDA:157,17,0,0
BRDA:157,18,0,0
BRDA:157,18,1,0
BRDA:161,19,0,0
BRDA:161,20,0,0
BRDA:161,20,1,0
BRDA:164,21,0,0
BRDA:164,22,0,0
BRDA:164,22,1,0
BRDA:171,23,0,0
BRDA:178,24,0,0
BRDA:179,25,0,0
BRDA:179,25,1,0
BRDA:190,26,0,0
BRDA:190,27,0,0
BRDA:190,27,1,0
BRDA:197,28,0,0
BRDA:201,29,0,0
BRDA:201,30,0,0
BRDA:201,30,1,0
BRDA:204,31,0,0
BRDA:204,32,0,0
BRDA:204,32,1,0
BRDA:211,33,0,0
BRDA:218,34,0,0
BRDA:219,35,0,0
BRDA:219,35,1,0
BRDA:72,36,0,7
BRDA:72,36,1,0
BRDA:72,37,0,7
BRDA:72,37,1,7
BRF:56
BRH:3
end_of_record
TN:
SF:src\web\app\components\question-responses\grouped-responses\grouped-responses.component.ts
FN:51,(anonymous_1)
FN:52,(anonymous_2)
FN:53,(anonymous_3)
FN:56,(anonymous_4)
FN:68,(anonymous_5)
FNF:5
FNH:1
FNDA:1,(anonymous_1)
FNDA:0,(anonymous_2)
FNDA:0,(anonymous_3)
FNDA:0,(anonymous_4)
FNDA:0,(anonymous_5)
DA:1,9
DA:2,9
DA:8,9
DA:10,9
DA:20,9
DA:23,1
DA:25,1
DA:26,1
DA:28,1
DA:29,1
DA:30,1
DA:49,1
DA:52,1
DA:53,0
DA:57,0
DA:58,0
DA:59,0
DA:60,0
DA:62,0
DA:64,0
DA:65,0
DA:69,0
DA:70,0
DA:71,0
LF:24
LH:13
BRDA:59,0,0,0
BRDA:59,0,1,0
BRDA:62,1,0,0
BRDA:62,1,1,0
BRF:4
BRH:0
end_of_record
TN:
SF:src\web\app\components\question-responses\grq-rgq-view-responses\grq-rgq-view-responses.component.ts
FN:69,(anonymous_0)
FN:73,(anonymous_1)
FN:77,(anonymous_2)
FN:81,(anonymous_3)
FN:85,(anonymous_4)
FN:161,(anonymous_5)
FN:184,(anonymous_6)
FN:189,(anonymous_7)
FN:198,(anonymous_8)
FNF:9
FNH:3
FNDA:1,(anonymous_0)
FNDA:1,(anonymous_1)
FNDA:0,(anonymous_2)
FNDA:0,(anonymous_3)
FNDA:1,(anonymous_4)
FNDA:0,(anonymous_5)
FNDA:0,(anonymous_6)
FNDA:0,(anonymous_7)
FNDA:0,(anonymous_8)
DA:2,8
DA:3,8
DA:4,8
DA:12,8
DA:15,8
DA:16,8
DA:27,8
DA:29,1
DA:30,1
DA:31,1
DA:32,1
DA:33,1
DA:34,1
DA:35,1
DA:36,1
DA:55,1
DA:57,1
DA:58,1
DA:59,1
DA:60,1
DA:62,1
DA:63,1
DA:64,1
DA:66,1
DA:67,1
DA:69,1
DA:70,1
DA:74,1
DA:78,0
DA:82,0
DA:86,1
DA:87,1
DA:88,1
DA:89,1
DA:90,1
DA:91,1
DA:92,1
DA:93,1
DA:94,1
DA:95,0
DA:96,0
DA:98,0
DA:101,0
DA:102,0
DA:104,0
DA:107,0
DA:109,0
DA:110,0
DA:113,0
DA:114,0
DA:116,0
DA:117,0
DA:120,0
DA:121,0
DA:122,0
DA:123,0
DA:124,0
DA:125,0
DA:126,0
DA:128,0
DA:129,0
DA:131,0
DA:132,0
DA:135,0
DA:136,0
DA:137,0
DA:138,0
DA:139,0
DA:140,0
DA:141,0
DA:142,0
DA:146,0
DA:147,0
DA:148,0
DA:149,0
DA:156,1
DA:157,0
DA:159,0
DA:160,0
DA:161,0
DA:162,0
DA:164,0
DA:166,0
DA:167,0
DA:169,0
DA:170,0
DA:173,0
DA:176,0
DA:177,0
DA:180,0
DA:183,0
DA:184,0
DA:185,0
DA:187,0
DA:188,0
DA:189,0
DA:190,0
DA:192,0
DA:193,0
DA:194,0
DA:196,0
DA:197,0
DA:198,0
LF:103
LH:38
BRDA:96,0,0,0
BRDA:96,1,0,0
BRDA:96,1,1,0
BRDA:101,2,0,0
BRDA:102,3,0,0
BRDA:102,4,0,0
BRDA:102,4,1,0
BRDA:102,4,2,0
BRDA:102,4,3,0
BRDA:109,5,0,0
BRDA:113,6,0,0
BRDA:116,7,0,0
BRDA:120,8,0,0
BRDA:120,8,1,0
BRDA:121,9,0,0
BRDA:121,9,1,0
BRDA:122,10,0,0
BRDA:122,10,1,0
BRDA:123,11,0,0
BRDA:128,12,0,0
BRDA:135,13,0,0
BRDA:135,13,1,0
BRDA:137,14,0,0
BRDA:137,14,1,0
BRDA:138,15,0,0
BRDA:138,15,1,0
BRDA:139,16,0,0
BRDA:146,17,0,0
BRDA:146,17,1,0
BRDA:147,18,0,0
BRDA:162,19,0,0
BRDA:162,20,0,0
BRDA:162,20,1,0
BRDA:166,21,0,0
BRDA:166,22,0,0
BRDA:166,22,1,0
BRDA:169,23,0,0
BRDA:169,24,0,0
BRDA:169,24,1,0
BRDA:176,25,0,0
BRDA:183,26,0,0
BRDA:185,27,0,0
BRDA:185,27,1,0
BRDA:190,28,0,0
BRDA:190,28,1,0
BRDA:192,29,0,0
BRDA:192,29,1,0
BRDA:193,30,0,0
BRDA:193,30,1,0
BRDA:196,31,0,0
BRDA:69,32,0,8
BRDA:69,32,1,0
BRDA:69,33,0,8
BRDA:69,33,1,8
BRF:54
BRH:3
end_of_record
TN:
SF:src\web\app\components\question-responses\per-question-view-responses\per-question-view-responses.component.ts
FN:62,(anonymous_0)
FN:68,(anonymous_1)
FN:72,(anonymous_2)
FN:76,(anonymous_3)
FN:95,(anonymous_4)
FN:105,(anonymous_5)
FN:115,(anonymous_6)
FN:122,(anonymous_7)
FN:126,(anonymous_8)
FN:133,(anonymous_9)
FN:164,(anonymous_10)
FN:171,(anonymous_11)
FN:171,(anonymous_12)
FNF:13
FNH:7
FNDA:2,(anonymous_0)
FNDA:3,(anonymous_1)
FNDA:0,(anonymous_2)
FNDA:3,(anonymous_3)
FNDA:1,(anonymous_4)
FNDA:1,(anonymous_5)
FNDA:8,(anonymous_6)
FNDA:1,(anonymous_7)
FNDA:0,(anonymous_8)
FNDA:0,(anonymous_9)
FNDA:0,(anonymous_10)
FNDA:0,(anonymous_11)
FNDA:0,(anonymous_12)
DA:1,9
DA:2,9
DA:3,9
DA:4,9
DA:5,9
DA:9,9
DA:10,9
DA:13,9
DA:23,9
DA:25,2
DA:26,2
DA:28,2
DA:29,2
DA:30,2
DA:31,2
DA:32,2
DA:33,2
DA:34,2
DA:35,2
DA:53,2
DA:54,2
DA:56,2
DA:57,2
DA:58,2
DA:62,2
DA:63,2
DA:64,2
DA:65,2
DA:69,3
DA:73,0
DA:77,3
DA:78,3
DA:79,1
DA:81,0
DA:84,1
DA:87,1
DA:88,0
DA:91,1
DA:95,3
DA:96,3
DA:97,1
DA:98,1
DA:101,2
DA:106,1
DA:107,0
DA:109,1
DA:110,1
DA:112,1
DA:116,8
DA:117,8
DA:119,0
DA:124,1
DA:126,1
DA:127,0
DA:133,0
DA:136,0
DA:138,0
DA:139,0
DA:140,0
DA:142,0
DA:143,0
DA:144,0
DA:146,0
DA:147,0
DA:148,0
DA:150,0
DA:151,0
DA:152,0
DA:154,0
DA:155,0
DA:157,0
DA:169,0
DA:170,0
DA:171,0
DA:172,0
LF:75
LH:48
BRDA:79,0,0,0
BRDA:79,1,0,1
BRDA:79,1,1,0
BRDA:87,2,0,0
BRDA:96,3,0,1
BRDA:96,3,1,2
BRDA:106,4,0,0
BRDA:106,4,1,1
BRDA:106,5,0,1
BRDA:106,5,1,0
BRDA:107,6,0,0
BRDA:107,6,1,0
BRDA:116,7,0,8
BRDA:119,8,0,0
BRDA:119,8,1,0
BRDA:124,9,0,1
BRDA:127,10,0,0
BRDA:127,10,1,0
BRDA:127,10,2,0
BRDA:127,10,3,0
BRDA:136,11,0,0
BRDA:136,11,1,0
BRDA:136,11,2,0
BRDA:136,11,3,0
BRDA:136,11,4,0
BRDA:62,12,0,9
BRDA:62,12,1,0
BRDA:62,13,0,9
BRDA:62,13,1,9
BRDA:62,14,0,9
BRDA:62,14,1,0
BRDA:62,15,0,9
BRDA:62,15,1,9
BRDA:63,16,0,9
BRDA:63,16,1,0
BRDA:63,17,0,9
BRDA:63,17,1,9
BRF:37
BRH:16
end_of_record
TN:
SF:src\web\app\components\question-responses\single-response\single-response.component.ts
FNF:0
FNH:0
DA:1,24
DA:2,24
DA:16,24
DA:18,12
DA:22,12
DA:27,12
DA:28,12
DA:29,12
DA:30,12
DA:33,12
LF:10
LH:10
BRF:0
BRH:0
end_of_record
TN:
SF:src\web\app\components\question-responses\single-statistics\single-statistics.component.ts
FN:39,(anonymous_0)
FN:41,(anonymous_1)
FN:45,(anonymous_2)
FN:49,(anonymous_3)
FN:50,(anonymous_4)
FN:67,(anonymous_5)
FNF:6
FNH:4
FNDA:2,(anonymous_0)
FNDA:2,(anonymous_1)
FNDA:1,(anonymous_2)
FNDA:3,(anonymous_3)
FNDA:0,(anonymous_4)
FNDA:0,(anonymous_5)
DA:1,11
DA:2,11
DA:3,11
DA:9,11
DA:21,11
DA:23,2
DA:24,2
DA:28,2
DA:29,2
DA:30,2
DA:31,2
DA:32,2
DA:33,2
DA:36,2
DA:37,2
DA:39,2
DA:42,2
DA:46,1
DA:50,3
DA:51,0
DA:55,0
DA:58,0
DA:59,0
DA:62,0
DA:68,0
LF:25
LH:19
BRDA:51,0,0,0
BRDA:51,1,0,0
BRDA:51,1,1,0
BRDA:58,2,0,0
BRDA:58,3,0,0
BRDA:58,3,1,0
BRDA:68,4,0,0
BRDA:68,4,1,0
BRDA:68,4,2,0
BRDA:68,4,3,0
BRDA:39,5,0,11
BRDA:39,5,1,0
BRDA:39,6,0,11
BRDA:39,6,1,11
BRF:14
BRH:3
end_of_record
TN:
SF:src\web\app\components\question-responses\student-view-responses\student-view-responses.component.ts
FN:47,(anonymous_1)
FNF:1
FNH:1
FNDA:11,(anonymous_1)
DA:1,5
DA:2,5
DA:8,5
DA:18,5
DA:20,11
DA:22,11
DA:40,11
DA:41,11
DA:42,11
DA:43,11
DA:45,11
DA:48,11
LF:12
LH:12
BRDA:48,0,0,10
BRDA:48,0,1,1
BRF:2
BRH:2
end_of_record
TN:
SF:src\web\app\components\question-submission-form\question-submission-form-model.ts
FN:14,(anonymous_0)
FN:80,(anonymous_1)
FNF:2
FNH:2
FNDA:4,(anonymous_0)
FNDA:4,(anonymous_1)
DA:14,4
DA:18,4
DA:23,4
DA:80,4
DA:82,4
DA:84,4
DA:86,4
LF:7
LH:7
BRDA:14,0,0,4
BRDA:14,0,1,4
BRDA:80,1,0,4
BRDA:80,1,1,4
BRF:4
BRH:4
end_of_record
TN:
SF:src\web\app\components\question-submission-form\question-submission-form.component.ts
FN:139,(anonymous_0)
FN:64,(anonymous_1)
FN:146,(anonymous_2)
FN:159,(anonymous_3)
FN:165,(anonymous_4)
FN:174,(anonymous_5)
FN:176,(anonymous_6)
FN:182,(anonymous_7)
FN:187,(anonymous_8)
FN:192,(anonymous_9)
FN:210,(anonymous_10)
FN:228,(anonymous_11)
FN:230,(anonymous_12)
FN:234,(anonymous_13)
FN:244,(anonymous_14)
FN:249,(anonymous_15)
FN:251,(anonymous_16)
FN:267,(anonymous_17)
FN:274,(anonymous_18)
FN:277,(anonymous_19)
FN:284,(anonymous_20)
FN:286,(anonymous_21)
FN:293,(anonymous_22)
FN:309,(anonymous_23)
FN:328,(anonymous_24)
FN:335,(anonymous_25)
FN:348,(anonymous_26)
FN:355,(anonymous_27)
FN:373,(anonymous_28)
FN:381,(anonymous_29)
FN:394,(anonymous_30)
FN:400,(anonymous_31)
FN:412,(anonymous_32)
FN:432,(anonymous_33)
FN:446,(anonymous_34)
FNF:35
FNH:18
FNDA:24,(anonymous_0)
FNDA:23,(anonymous_1)
FNDA:48,(anonymous_2)
FNDA:26,(anonymous_3)
FNDA:20,(anonymous_4)
FNDA:0,(anonymous_5)
FNDA:0,(anonymous_6)
FNDA:0,(anonymous_7)
FNDA:9,(anonymous_8)
FNDA:0,(anonymous_9)
FNDA:0,(anonymous_10)
FNDA:20,(anonymous_11)
FNDA:22,(anonymous_12)
FNDA:10,(anonymous_13)
FNDA:20,(anonymous_14)
FNDA:0,(anonymous_15)
FNDA:0,(anonymous_16)
FNDA:18,(anonymous_17)
FNDA:72,(anonymous_18)
FNDA:56,(anonymous_19)
FNDA:0,(anonymous_20)
FNDA:0,(anonymous_21)
FNDA:1,(anonymous_22)
FNDA:1,(anonymous_23)
FNDA:0,(anonymous_24)
FNDA:0,(anonymous_25)
FNDA:0,(anonymous_26)
FNDA:0,(anonymous_27)
FNDA:58,(anonymous_28)
FNDA:6,(anonymous_29)
FNDA:0,(anonymous_30)
FNDA:23,(anonymous_31)
FNDA:0,(anonymous_32)
FNDA:0,(anonymous_33)
FNDA:0,(anonymous_34)
DA:1,4
DA:2,4
DA:3,4
DA:5,4
DA:13,4
DA:14,4
DA:16,4
DA:18,4
DA:20,4
DA:21,4
DA:38,4
DA:41,24
DA:42,24
DA:43,24
DA:44,24
DA:45,24
DA:47,24
DA:48,24
DA:49,24
DA:52,24
DA:55,24
DA:58,24
DA:61,24
DA:65,23
DA:66,23
DA:68,23
DA:73,23
DA:74,23
DA:78,24
DA:81,24
DA:84,24
DA:87,24
DA:90,24
DA:101,24
DA:130,24
DA:131,24
DA:134,24
DA:137,24
DA:139,24
DA:140,24
DA:141,24
DA:147,48
DA:148,0
DA:151,0
DA:153,0
DA:156,48
DA:160,26
DA:161,20
DA:164,26
DA:165,20
DA:166,20
DA:169,26
DA:170,0
DA:173,26
DA:174,0
DA:175,0
DA:176,0
DA:177,0
DA:183,0
DA:184,0
DA:189,9
DA:195,0
DA:196,0
DA:199,0
DA:200,0
DA:203,0
DA:204,0
DA:207,0
DA:213,0
DA:214,0
DA:217,0
DA:218,0
DA:221,0
DA:222,0
DA:225,0
DA:229,20
DA:230,20
DA:231,22
DA:234,20
DA:236,10
DA:237,10
DA:239,10
DA:241,20
DA:245,20
DA:246,20
DA:250,0
DA:251,0
DA:252,0
DA:256,0
DA:257,0
DA:259,0
DA:268,18
DA:276,72
DA:277,56
DA:278,72
DA:285,0
DA:287,0
DA:294,1
DA:295,1
DA:296,1
DA:298,1
DA:304,1
DA:305,1
DA:310,1
DA:311,1
DA:312,1
DA:313,0
DA:314,1
DA:315,0
DA:316,1
DA:317,0
DA:319,1
DA:322,0
DA:329,0
DA:336,0
DA:349,0
DA:356,0
DA:357,0
DA:358,0
DA:360,0
DA:374,58
DA:382,6
DA:384,6
DA:385,6
DA:388,6
DA:395,0
DA:396,0
DA:397,0
DA:401,23
DA:404,17
DA:406,0
DA:408,6
DA:413,0
DA:414,0
DA:417,0
DA:418,0
DA:421,0
DA:422,0
DA:425,0
DA:426,0
DA:429,0
DA:433,0
DA:434,0
DA:435,0
DA:436,0
DA:438,0
DA:439,0
DA:447,0
LF:148
LH:85
BRDA:147,0,0,0
BRDA:148,1,0,0
BRDA:148,1,1,0
BRDA:148,1,2,0
BRDA:160,2,0,20
BRDA:160,3,0,26
BRDA:160,3,1,20
BRDA:164,4,0,20
BRDA:164,5,0,26
BRDA:164,5,1,20
BRDA:169,6,0,0
BRDA:173,7,0,0
BRDA:174,8,0,0
BRDA:174,8,1,0
BRDA:176,9,0,0
BRDA:195,10,0,0
BRDA:195,11,0,0
BRDA:195,11,1,0
BRDA:199,12,0,0
BRDA:203,13,0,0
BRDA:213,14,0,0
BRDA:213,15,0,0
BRDA:213,15,1,0
BRDA:217,16,0,0
BRDA:221,17,0,0
BRDA:236,18,0,10
BRDA:236,18,1,0
BRDA:237,19,0,10
BRDA:237,19,1,0
BRDA:250,20,0,0
BRDA:250,20,1,0
BRDA:252,21,0,0
BRDA:252,21,1,0
BRDA:256,22,0,0
BRDA:278,23,0,56
BRDA:278,23,1,16
BRDA:294,24,0,1
BRDA:312,25,0,0
BRDA:312,25,1,1
BRDA:314,26,0,0
BRDA:314,26,1,1
BRDA:316,27,0,0
BRDA:316,27,1,1
BRDA:357,28,0,0
BRDA:357,29,0,0
BRDA:357,29,1,0
BRDA:382,30,0,0
BRDA:401,31,0,17
BRDA:401,31,1,17
BRDA:401,31,2,0
BRDA:401,31,3,6
BRDA:413,32,0,0
BRDA:417,33,0,0
BRDA:417,34,0,0
BRDA:417,34,1,0
BRDA:421,35,0,0
BRDA:425,36,0,0
BRDA:434,37,0,0
BRDA:434,37,1,0
BRDA:139,38,0,4
BRDA:139,38,1,0
BRDA:139,39,0,4
BRDA:139,39,1,4
BRDA:139,40,0,4
BRDA:139,40,1,0
BRDA:139,41,0,4
BRDA:139,41,1,4
BRF:67
BRH:23
end_of_record
TN:
SF:src\web\app\components\question-submission-form\recipient-type-name.pipe.ts
FN:15,(anonymous_0)
FNF:1
FNH:1
FNDA:18,(anonymous_0)
DA:1,5
DA:2,5
DA:10,5
DA:16,18
DA:21,2
DA:25,14
DA:27,2
DA:30,0
DA:31,0
DA:33,0
DA:34,0
DA:36,0
DA:37,0
DA:39,0
DA:41,0
LF:15
LH:7
BRDA:16,0,0,0
BRDA:16,0,1,0
BRDA:16,0,2,0
BRDA:16,0,3,2
BRDA:16,0,4,14
BRDA:16,0,5,14
BRDA:16,0,6,14
BRDA:16,0,7,2
BRDA:16,0,8,0
BRDA:16,0,9,0
BRDA:16,0,10,0
BRDA:30,1,0,0
BRDA:33,2,0,0
BRDA:36,3,0,0
BRF:14
BRH:5
end_of_record
TN:
SF:src\web\app\components\question-text-with-info\question-text-with-info.component.ts
FN:31,(anonymous_1)
FNF:1
FNH:1
FNDA:64,(anonymous_1)
DA:1,16
DA:2,16
DA:12,16
DA:14,12
DA:15,12
DA:19,12
DA:21,12
DA:24,12
DA:26,12
DA:32,64
LF:10
LH:10
BRF:0
BRH:0
end_of_record
TN:
SF:src\web\app\components\question-types\question-additional-info\constsum-options-question-additional-info.component.ts
FN:17,(anonymous_0)
FN:24,(anonymous_1)
FNF:2
FNH:2
FNDA:1,(anonymous_0)
FNDA:2,(anonymous_1)
DA:1,17
DA:3,17
DA:4,17
DA:14,17
DA:18,1
DA:25,2
LF:6
LH:6
BRDA:25,0,0,0
BRDA:25,0,1,2
BRF:2
BRH:1
end_of_record
TN:
SF:src\web\app\components\question-types\question-additional-info\constsum-recipients-question-additional-info.component.ts
FN:17,(anonymous_0)
FNF:1
FNH:1
FNDA:1,(anonymous_0)
DA:1,17
DA:3,17
DA:4,17
DA:14,17
DA:18,1
LF:5
LH:5
BRF:0
BRH:0
end_of_record
TN:
SF:src\web\app\components\question-types\question-additional-info\contribution-question-additional-info.component.ts
FN:17,(anonymous_0)
FNF:1
FNH:1
FNDA:1,(anonymous_0)
DA:1,17
DA:3,17
DA:4,17
DA:14,17
DA:18,1
LF:5
LH:5
BRF:0
BRH:0
end_of_record
TN:
SF:src\web\app\components\question-types\question-additional-info\mcq-question-additional-info.component.ts
FN:22,(anonymous_0)
FNF:1
FNH:1
FNDA:6,(anonymous_0)
DA:1,17
DA:2,17
DA:6,17
DA:7,17
DA:17,17
DA:20,6
DA:23,6
LF:7
LH:7
BRF:0
BRH:0
end_of_record
TN:
SF:src\web\app\components\question-types\question-additional-info\msq-question-additional-info.component.ts
FN:22,(anonymous_0)
FNF:1
FNH:1
FNDA:5,(anonymous_0)
DA:1,17
DA:2,17
DA:6,17
DA:7,17
DA:17,17
DA:20,5
DA:23,5
LF:7
LH:7
BRF:0
BRH:0
end_of_record
TN:
SF:src\web\app\components\question-types\question-additional-info\num-scale-question-additional-info.component.ts
FN:17,(anonymous_0)
FNF:1
FNH:1
FNDA:1,(anonymous_0)
DA:1,17
DA:3,17
DA:4,17
DA:14,17
DA:18,1
LF:5
LH:5
BRF:0
BRH:0
end_of_record
TN:
SF:src\web\app\components\question-types\question-additional-info\question-additional-info.ts
FN:14,(anonymous_0)
FNF:1
FNH:1
FNDA:21,(anonymous_0)
DA:1,26
DA:9,26
DA:15,21
LF:3
LH:3
BRDA:14,0,0,0
BRDA:14,0,1,26
BRDA:14,1,0,26
BRDA:14,1,1,0
BRF:4
BRH:2
end_of_record
TN:
SF:src\web\app\components\question-types\question-additional-info\rank-options-question-additional-info.component.ts
FN:17,(anonymous_0)
FNF:1
FNH:1
FNDA:3,(anonymous_0)
DA:1,17
DA:3,17
DA:4,17
DA:14,17
DA:18,3
LF:5
LH:5
BRF:0
BRH:0
end_of_record
TN:
SF:src\web\app\components\question-types\question-additional-info\rank-recipients-question-additional-info.component.ts
FN:17,(anonymous_0)
FNF:1
FNH:1
FNDA:1,(anonymous_0)
DA:1,17
DA:3,17
DA:4,17
DA:14,17
DA:18,1
LF:5
LH:5
BRF:0
BRH:0
end_of_record
TN:
SF:src\web\app\components\question-types\question-additional-info\rubric-question-additional-info.component.ts
FN:16,(anonymous_0)
FNF:1
FNH:1
FNDA:1,(anonymous_0)
DA:1,17
DA:3,17
DA:4,17
DA:14,17
DA:17,1
LF:5
LH:5
BRF:0
BRH:0
end_of_record
TN:
SF:src\web\app\components\question-types\question-additional-info\text-question-additional-info.component.ts
FN:16,(anonymous_0)
FNF:1
FNH:1
FNDA:1,(anonymous_0)
DA:1,17
DA:3,17
DA:4,17
DA:14,17
DA:17,1
LF:5
LH:5
BRF:0
BRH:0
end_of_record
TN:
SF:src\web\app\components\question-types\question-constraint\constsum-recipients-question-constraint.component.ts
FN:30,(anonymous_0)
FN:37,(anonymous_1)
FN:38,(anonymous_2)
FN:47,(anonymous_3)
FN:57,(anonymous_4)
FN:59,(anonymous_5)
FN:72,(anonymous_6)
FN:73,(anonymous_7)
FN:79,(anonymous_8)
FN:81,(anonymous_9)
FN:89,(anonymous_10)
FN:95,(anonymous_11)
FN:103,(anonymous_12)
FN:110,(anonymous_13)
FN:117,(anonymous_14)
FN:124,(anonymous_15)
FN:125,(anonymous_16)
FN:131,(anonymous_17)
FN:139,(anonymous_18)
FN:147,(anonymous_19)
FN:155,(anonymous_20)
FN:160,(anonymous_21)
FNF:22
FNH:18
FNDA:3,(anonymous_0)
FNDA:6,(anonymous_1)
FNDA:4,(anonymous_2)
FNDA:19,(anonymous_3)
FNDA:27,(anonymous_4)
FNDA:26,(anonymous_5)
FNDA:23,(anonymous_6)
FNDA:22,(anonymous_7)
FNDA:0,(anonymous_8)
FNDA:0,(anonymous_9)
FNDA:0,(anonymous_10)
FNDA:0,(anonymous_11)
FNDA:7,(anonymous_12)
FNDA:4,(anonymous_13)
FNDA:4,(anonymous_14)
FNDA:4,(anonymous_15)
FNDA:4,(anonymous_16)
FNDA:4,(anonymous_17)
FNDA:4,(anonymous_18)
FNDA:4,(anonymous_19)
FNDA:4,(anonymous_20)
FNDA:3,(anonymous_21)
DA:1,5
DA:2,5
DA:7,5
DA:13,5
DA:23,5
DA:27,3
DA:31,3
DA:38,6
DA:39,4
DA:40,4
DA:48,19
DA:49,18
DA:51,1
DA:58,27
DA:61,26
DA:62,26
DA:63,0
DA:65,26
DA:73,23
DA:80,0
DA:81,0
DA:83,0
DA:90,0
DA:91,0
DA:94,0
DA:95,0
DA:97,0
DA:104,7
DA:111,4
DA:118,4
DA:125,4
DA:132,4
DA:140,4
DA:148,4
DA:156,4
DA:161,3
LF:36
LH:27
BRDA:48,0,0,18
BRDA:62,1,0,0
BRDA:90,2,0,0
BRDA:125,3,0,4
BRDA:125,3,1,4
BRDA:132,4,0,4
BRDA:132,4,1,0
BRDA:140,5,0,4
BRDA:140,5,1,0
BRDA:148,6,0,4
BRDA:148,6,1,0
BRDA:156,7,0,4
BRDA:156,7,1,0
BRDA:161,8,0,3
BRDA:161,8,1,0
BRDA:161,8,2,0
BRDA:161,8,3,0
BRDA:161,8,4,0
BRF:18
BRH:8
end_of_record
TN:
SF:src\web\app\components\question-types\question-constraint\contribution-question-constraint.component.ts
FN:24,(anonymous_0)
FN:28,(anonymous_1)
FN:29,(anonymous_2)
FN:38,(anonymous_3)
FN:39,(anonymous_4)
FN:48,(anonymous_5)
FN:55,(anonymous_6)
FN:56,(anonymous_7)
FN:68,(anonymous_8)
FN:69,(anonymous_9)
FN:75,(anonymous_10)
FN:82,(anonymous_11)
FN:89,(anonymous_12)
FN:93,(anonymous_13)
FN:99,(anonymous_14)
FN:124,(anonymous_15)
FNF:16
FNH:3
FNDA:3,(anonymous_0)
FNDA:0,(anonymous_1)
FNDA:0,(anonymous_2)
FNDA:2,(anonymous_3)
FNDA:0,(anonymous_4)
FNDA:0,(anonymous_5)
FNDA:0,(anonymous_6)
FNDA:0,(anonymous_7)
FNDA:0,(anonymous_8)
FNDA:0,(anonymous_9)
FNDA:0,(anonymous_10)
FNDA:0,(anonymous_11)
FNDA:0,(anonymous_12)
FNDA:3,(anonymous_13)
FNDA:0,(anonymous_14)
FNDA:0,(anonymous_15)
DA:1,5
DA:6,5
DA:7,5
DA:11,5
DA:21,5
DA:25,3
DA:29,0
DA:30,0
DA:31,0
DA:39,2
DA:40,0
DA:41,0
DA:49,0
DA:56,0
DA:57,0
DA:58,0
DA:59,0
DA:61,0
DA:69,0
DA:76,0
DA:83,0
DA:90,0
DA:94,3
DA:100,0
DA:101,0
DA:104,0
DA:105,0
DA:108,0
DA:110,0
DA:111,0
DA:114,0
DA:115,0
DA:117,0
DA:120,0
DA:125,0
LF:35
LH:8
BRDA:58,0,0,0
BRDA:94,1,0,3
BRDA:94,1,1,1
BRDA:94,1,2,0
BRDA:94,1,3,0
BRDA:94,1,4,0
BRDA:100,2,0,0
BRDA:104,3,0,0
BRDA:110,4,0,0
BRDA:110,5,0,0
BRDA:110,5,1,0
BRDA:114,6,0,0
BRF:12
BRH:2
end_of_record
TN:
SF:src\web\app\components\question-types\question-constraint\msq-question-constraint.component.ts
FN:19,(anonymous_0)
FN:23,(anonymous_1)
FNF:2
FNH:2
FNDA:3,(anonymous_0)
FNDA:3,(anonymous_1)
DA:1,5
DA:3,5
DA:4,5
DA:5,5
DA:15,5
DA:17,3
DA:20,3
DA:24,3
LF:8
LH:8
BRF:0
BRH:0
end_of_record
TN:
SF:src\web\app\components\question-types\question-constraint\num-scale-question-constraint.component.ts
FN:14,(anonymous_0)
FN:18,(anonymous_1)
FNF:2
FNH:2
FNDA:3,(anonymous_0)
FNDA:3,(anonymous_1)
DA:1,5
DA:2,5
DA:12,5
DA:15,3
DA:19,3
LF:5
LH:5
BRF:0
BRH:0
end_of_record
TN:
SF:src\web\app\components\question-types\question-constraint\question-constraint.component.ts
FN:36,(anonymous_0)
FN:15,(anonymous_1)
FN:18,(anonymous_2)
FN:32,(anonymous_3)
FNF:4
FNH:4
FNDA:22,(anonymous_0)
FNDA:83,(anonymous_1)
FNDA:6,(anonymous_2)
FNDA:22,(anonymous_3)
DA:1,10
DA:12,10
DA:16,83
DA:19,6
DA:28,22
DA:30,22
DA:33,22
DA:37,22
LF:8
LH:8
BRDA:36,0,0,0
BRDA:36,0,1,10
BRDA:36,1,0,10
BRDA:36,1,1,0
BRF:4
BRH:2
end_of_record
TN:
SF:src\web\app\components\question-types\question-constraint\rank-recipients-question-constraint.component.ts
FN:24,(anonymous_0)
FN:31,(anonymous_1)
FN:53,(anonymous_2)
FN:68,(anonymous_3)
FN:75,(anonymous_4)
FN:82,(anonymous_5)
FN:98,(anonymous_6)
FN:111,(anonymous_7)
FNF:8
FNH:8
FNDA:3,(anonymous_0)
FNDA:9,(anonymous_1)
FNDA:9,(anonymous_2)
FNDA:9,(anonymous_3)
FNDA:9,(anonymous_4)
FNDA:6,(anonymous_5)
FNDA:6,(anonymous_6)
FNDA:3,(anonymous_7)
DA:1,5
DA:6,5
DA:7,5
DA:11,5
DA:21,5
DA:25,3
DA:32,9
DA:34,9
DA:36,6
DA:37,6
DA:39,0
DA:42,6
DA:43,0
DA:45,6
DA:47,9
DA:54,9
DA:56,6
DA:57,6
DA:58,6
DA:62,3
DA:69,9
DA:76,9
DA:83,6
DA:84,6
DA:86,6
DA:87,6
DA:88,6
DA:92,6
DA:99,6
DA:100,6
DA:102,6
DA:103,6
DA:104,6
DA:108,6
DA:112,3
LF:35
LH:33
BRDA:37,0,0,0
BRDA:42,1,0,0
BRDA:57,2,0,6
BRDA:87,3,0,6
BRDA:92,4,0,6
BRDA:92,4,1,0
BRDA:103,5,0,6
BRDA:112,6,0,3
BRDA:112,6,1,3
BRDA:112,6,2,3
BRDA:112,6,3,2
BRDA:112,6,4,3
BRDA:112,6,5,2
BRDA:112,6,6,3
BRF:14
BRH:11
end_of_record
TN:
SF:src\web\app\components\question-types\question-constraint\text-question-constraint.component.ts
FN:14,(anonymous_0)
FN:18,(anonymous_1)
FNF:2
FNH:2
FNDA:7,(anonymous_0)
FNDA:7,(anonymous_1)
DA:1,5
DA:2,5
DA:12,5
DA:15,7
DA:19,7
LF:5
LH:5
BRF:0
BRH:0
end_of_record
TN:
SF:src\web\app\components\question-types\question-edit-answer-form\constsum-options-question-edit-answer-form.component.ts
FN:28,(anonymous_0)
FN:32,(anonymous_1)
FN:40,(anonymous_2)
FN:55,(anonymous_3)
FN:65,(anonymous_4)
FN:66,(anonymous_5)
FN:72,(anonymous_6)
FN:74,(anonymous_7)
FN:82,(anonymous_8)
FN:88,(anonymous_9)
FN:96,(anonymous_10)
FN:97,(anonymous_11)
FN:103,(anonymous_12)
FN:105,(anonymous_13)
FN:112,(anonymous_14)
FN:116,(anonymous_15)
FNF:16
FNH:2
FNDA:1,(anonymous_0)
FNDA:4,(anonymous_1)
FNDA:0,(anonymous_2)
FNDA:0,(anonymous_3)
FNDA:0,(anonymous_4)
FNDA:0,(anonymous_5)
FNDA:0,(anonymous_6)
FNDA:0,(anonymous_7)
FNDA:0,(anonymous_8)
FNDA:0,(anonymous_9)
FNDA:0,(anonymous_10)
FNDA:0,(anonymous_11)
FNDA:0,(anonymous_12)
FNDA:0,(anonymous_13)
FNDA:0,(anonymous_14)
FNDA:0,(anonymous_15)
DA:1,5
DA:2,5
DA:7,5
DA:11,5
DA:21,5
DA:25,1
DA:29,1
DA:33,4
DA:34,4
DA:41,0
DA:43,0
DA:45,0
DA:48,0
DA:49,0
DA:56,0
DA:57,0
DA:59,0
DA:66,0
DA:73,0
DA:74,0
DA:76,0
DA:83,0
DA:84,0
DA:87,0
DA:88,0
DA:90,0
DA:97,0
DA:104,0
DA:105,0
DA:106,0
DA:113,0
DA:116,0
DA:117,0
LF:33
LH:9
BRDA:43,0,0,0
BRDA:48,1,0,0
BRDA:48,1,1,0
BRDA:56,2,0,0
BRDA:83,3,0,0
BRDA:97,4,0,0
BRDA:97,4,1,0
BRDA:104,5,0,0
BRDA:104,5,1,0
BRDA:106,6,0,0
BRDA:106,6,1,0
BRDA:113,7,0,0
BRDA:113,7,1,0
BRDA:117,8,0,0
BRDA:117,8,1,0
BRF:15
BRH:0
end_of_record
TN:
SF:src\web\app\components\question-types\question-edit-answer-form\constsum-recipients-question-edit-answer-form.component.ts
FN:22,(anonymous_0)
FN:29,(anonymous_1)
FNF:2
FNH:1
FNDA:3,(anonymous_0)
FNDA:0,(anonymous_1)
DA:1,5
DA:3,5
DA:7,5
DA:17,5
DA:20,3
DA:23,3
DA:31,0
DA:33,0
DA:35,0
DA:37,0
DA:38,0
DA:40,0
DA:43,0
LF:13
LH:6
BRDA:33,0,0,0
BRDA:37,1,0,0
BRDA:37,1,1,0
BRF:3
BRH:0
end_of_record
TN:
SF:src\web\app\components\question-types\question-edit-answer-form\contribution-point-description.pipe.ts
FN:14,(anonymous_0)
FNF:1
FNH:1
FNDA:123,(anonymous_0)
DA:1,6
DA:9,6
DA:15,123
DA:16,60
DA:19,63
DA:20,3
DA:23,60
DA:24,57
DA:27,3
DA:28,3
DA:31,0
LF:11
LH:10
BRDA:15,0,0,60
BRDA:19,1,0,3
BRDA:23,2,0,57
BRDA:27,3,0,3
BRF:4
BRH:4
end_of_record
TN:
SF:src\web\app\components\question-types\question-edit-answer-form\contribution-question-edit-answer-form.component.ts
FN:31,(anonymous_0)
FN:35,(anonymous_1)
FNF:2
FNH:2
FNDA:3,(anonymous_0)
FNDA:6,(anonymous_1)
DA:1,5
DA:6,5
DA:10,5
DA:14,5
DA:24,5
DA:28,3
DA:29,3
DA:32,3
DA:36,6
DA:38,6
DA:40,6
DA:42,246
DA:43,6
DA:46,240
DA:49,6
LF:15
LH:15
BRDA:42,0,0,6
BRF:1
BRH:1
end_of_record
TN:
SF:src\web\app\components\question-types\question-edit-answer-form\mcq-question-edit-answer-form.component.ts
FN:39,(anonymous_0)
FN:43,(anonymous_1)
FN:47,(anonymous_2)
FN:52,(anonymous_3)
FN:64,(anonymous_4)
FN:70,(anonymous_5)
FN:83,(anonymous_6)
FN:101,(anonymous_7)
FNF:8
FNH:5
FNDA:9,(anonymous_0)
FNDA:9,(anonymous_1)
FNDA:10,(anonymous_2)
FNDA:2,(anonymous_3)
FNDA:0,(anonymous_4)
FNDA:0,(anonymous_5)
FNDA:0,(anonymous_6)
FNDA:2,(anonymous_7)
DA:1,5
DA:7,5
DA:8,5
DA:18,5
DA:28,9
DA:32,9
DA:34,9
DA:37,9
DA:40,9
DA:44,9
DA:48,10
DA:53,2
DA:54,2
DA:56,2
DA:57,2
DA:65,0
DA:66,0
DA:67,0
DA:68,0
DA:69,0
DA:70,0
DA:71,0
DA:74,0
DA:77,0
DA:85,0
DA:87,0
DA:89,0
DA:91,0
DA:102,2
LF:29
LH:16
BRDA:54,0,0,2
BRDA:54,1,0,2
BRDA:54,1,1,2
BRDA:68,2,0,0
BRDA:68,2,1,0
BRDA:85,3,0,0
BRDA:85,3,1,0
BRF:7
BRH:3
end_of_record
TN:
SF:src\web\app\components\question-types\question-edit-answer-form\msq-question-edit-answer-form.component.ts
FN:27,(anonymous_0)
FN:32,(anonymous_1)
FN:48,(anonymous_2)
FN:66,(anonymous_3)
FN:76,(anonymous_4)
FN:90,(anonymous_5)
FN:102,(anonymous_6)
FN:110,(anonymous_7)
FNF:8
FNH:3
FNDA:3,(anonymous_0)
FNDA:2,(anonymous_1)
FNDA:0,(anonymous_2)
FNDA:0,(anonymous_3)
FNDA:0,(anonymous_4)
FNDA:0,(anonymous_5)
FNDA:4,(anonymous_6)
FNDA:0,(anonymous_7)
DA:1,5
DA:6,5
DA:7,5
DA:8,5
DA:18,5
DA:22,3
DA:23,3
DA:28,3
DA:33,2
DA:34,2
DA:35,2
DA:37,6
DA:38,6
DA:39,0
DA:49,0
DA:50,0
DA:51,0
DA:53,0
DA:54,0
DA:55,0
DA:57,0
DA:60,0
DA:67,0
DA:68,0
DA:69,0
DA:70,0
DA:71,0
DA:73,0
DA:75,0
DA:76,0
DA:77,0
DA:81,0
DA:82,0
DA:84,0
DA:91,0
DA:93,0
DA:94,0
DA:95,0
DA:96,0
DA:103,4
DA:111,0
LF:41
LH:14
BRDA:34,0,0,2
BRDA:38,1,0,0
BRDA:50,2,0,0
BRDA:54,3,0,0
BRDA:54,3,1,0
BRDA:70,4,0,0
BRDA:73,5,0,0
BRDA:73,5,1,0
BRDA:103,6,0,4
BRDA:103,6,1,4
BRDA:103,6,2,0
BRDA:112,7,0,0
BRDA:112,7,1,0
BRF:13
BRH:3
end_of_record
TN:
SF:src\web\app\components\question-types\question-edit-answer-form\num-scale-question-edit-answer-form.component.ts
FN:28,(anonymous_0)
FN:32,(anonymous_1)
FN:41,(anonymous_2)
FN:67,(anonymous_3)
FNF:4
FNH:4
FNDA:3,(anonymous_0)
FNDA:12,(anonymous_1)
FNDA:6,(anonymous_2)
FNDA:6,(anonymous_3)
DA:1,5
DA:7,5
DA:11,5
DA:12,5
DA:22,5
DA:26,3
DA:29,3
DA:33,12
DA:34,12
DA:35,12
DA:36,12
DA:38,12
DA:43,6
DA:45,6
DA:46,6
DA:54,0
DA:55,0
DA:57,0
DA:58,0
DA:59,0
DA:61,0
DA:68,6
DA:69,6
DA:70,6
DA:72,6
DA:73,0
DA:76,6
DA:77,0
DA:80,6
DA:81,2
DA:84,4
LF:31
LH:23
BRDA:43,0,0,6
BRDA:72,1,0,0
BRDA:76,2,0,0
BRDA:80,3,0,2
BRDA:80,4,0,6
BRDA:80,4,1,4
BRF:6
BRH:4
end_of_record
TN:
SF:src\web\app\components\question-types\question-edit-answer-form\question-edit-answer-form.ts
FN:27,(anonymous_0)
FN:32,(anonymous_1)
FN:45,(anonymous_2)
FN:52,(anonymous_3)
FNF:4
FNH:3
FNDA:34,(anonymous_0)
FNDA:114,(anonymous_1)
FNDA:0,(anonymous_2)
FNDA:2,(anonymous_3)
DA:1,14
DA:9,14
DA:13,34
DA:22,34
DA:25,34
DA:28,34
DA:29,34
DA:33,114
DA:34,50
DA:36,64
DA:37,8
DA:39,56
DA:46,0
DA:53,2
LF:14
LH:13
BRDA:33,0,0,50
BRDA:33,1,0,114
BRDA:33,1,1,64
BRDA:33,1,2,64
BRDA:36,2,0,8
BRDA:27,3,0,0
BRDA:27,3,1,14
BRDA:27,4,0,14
BRDA:27,4,1,0
BRDA:27,5,0,0
BRDA:27,5,1,14
BRDA:27,6,0,14
BRDA:27,6,1,0
BRF:13
BRH:9
end_of_record
TN:
SF:src\web\app\components\question-types\question-edit-answer-form\rank-options-question-edit-answer-form.component.ts
FN:23,(anonymous_0)
FN:30,(anonymous_1)
FN:41,(anonymous_2)
FN:43,(anonymous_3)
FN:50,(anonymous_4)
FN:64,(anonymous_5)
FN:77,(anonymous_6)
FN:84,(anonymous_7)
FN:91,(anonymous_8)
FN:93,(anonymous_9)
FN:100,(anonymous_10)
FN:102,(anonymous_11)
FN:106,(anonymous_12)
FNF:13
FNH:12
FNDA:3,(anonymous_0)
FNDA:8,(anonymous_1)
FNDA:6,(anonymous_2)
FNDA:4,(anonymous_3)
FNDA:0,(anonymous_4)
FNDA:6,(anonymous_5)
FNDA:6,(anonymous_6)
FNDA:6,(anonymous_7)
FNDA:4,(anonymous_8)
FNDA:8,(anonymous_9)
FNDA:4,(anonymous_10)
FNDA:8,(anonymous_11)
FNDA:8,(anonymous_12)
DA:1,5
DA:3,5
DA:7,5
DA:8,5
DA:18,5
DA:21,3
DA:24,3
DA:31,8
DA:32,8
DA:33,16
DA:35,8
DA:42,6
DA:43,4
DA:44,6
DA:51,0
DA:52,0
DA:54,0
DA:57,0
DA:58,0
DA:65,6
DA:66,6
DA:67,8
DA:68,8
DA:71,6
DA:78,6
DA:85,6
DA:92,4
DA:93,8
DA:94,4
DA:101,4
DA:102,8
DA:103,4
DA:107,8
DA:108,8
LF:34
LH:29
BRDA:52,0,0,0
BRDA:67,1,0,8
BRDA:71,2,0,6
BRDA:71,2,1,0
BRDA:94,3,0,4
BRDA:94,3,1,0
BRF:6
BRH:3
end_of_record
TN:
SF:src\web\app\components\question-types\question-edit-answer-form\rank-recipients-question-edit-answer-form.component.ts
FN:29,(anonymous_0)
FN:36,(anonymous_1)
FNF:2
FNH:2
FNDA:3,(anonymous_0)
FNDA:6,(anonymous_1)
DA:1,5
DA:6,5
DA:9,5
DA:10,5
DA:20,5
DA:24,3
DA:27,3
DA:30,3
DA:37,6
DA:38,6
DA:39,4
DA:41,6
LF:12
LH:12
BRF:0
BRH:0
end_of_record
TN:
SF:src\web\app\components\question-types\question-edit-answer-form\rubric-question-edit-answer-form.component.ts
FN:33,(anonymous_0)
FN:40,(anonymous_1)
FN:61,(anonymous_2)
FN:67,(anonymous_3)
FN:71,(anonymous_4)
FNF:5
FNH:4
FNDA:3,(anonymous_0)
FNDA:0,(anonymous_1)
FNDA:16,(anonymous_2)
FNDA:32,(anonymous_3)
FNDA:64,(anonymous_4)
DA:1,5
DA:5,5
DA:8,5
DA:9,5
DA:19,5
DA:28,3
DA:31,3
DA:34,3
DA:41,0
DA:42,0
DA:45,0
DA:46,0
DA:48,0
DA:51,0
DA:53,0
DA:55,0
DA:58,0
DA:62,16
DA:63,16
DA:64,16
DA:68,32
DA:72,64
LF:22
LH:13
BRDA:41,0,0,0
BRDA:46,1,0,0
BRDA:51,2,0,0
BRDA:51,2,1,0
BRDA:68,3,0,32
BRDA:68,3,1,0
BRF:6
BRH:1
end_of_record
TN:
SF:src\web\app\components\question-types\question-edit-answer-form\text-question-edit-answer-form.component.ts
FN:25,(anonymous_0)
FN:29,(anonymous_1)
FN:31,(anonymous_2)
FN:34,(anonymous_3)
FNF:4
FNH:1
FNDA:3,(anonymous_0)
FNDA:0,(anonymous_1)
FNDA:0,(anonymous_2)
FNDA:0,(anonymous_3)
DA:1,5
DA:7,5
DA:11,5
DA:21,5
DA:26,3
DA:30,0
DA:31,0
DA:35,0
DA:36,0
DA:39,0
DA:40,0
DA:42,0
LF:12
LH:5
BRDA:35,0,0,0
BRDA:42,1,0,0
BRDA:42,1,1,0
BRF:3
BRH:0
end_of_record
TN:
SF:src\web\app\components\question-types\question-edit-details-form\constsum-options-question-edit-details-form.component.ts
FN:26,(anonymous_0)
FN:30,(anonymous_1)
FN:34,(anonymous_2)
FN:41,(anonymous_3)
FN:53,(anonymous_4)
FN:67,(anonymous_5)
FN:74,(anonymous_6)
FN:91,(anonymous_7)
FN:101,(anonymous_8)
FN:112,(anonymous_9)
FN:123,(anonymous_10)
FNF:11
FNH:4
FNDA:1,(anonymous_0)
FNDA:6,(anonymous_1)
FNDA:6,(anonymous_2)
FNDA:0,(anonymous_3)
FNDA:0,(anonymous_4)
FNDA:2,(anonymous_5)
FNDA:0,(anonymous_6)
FNDA:0,(anonymous_7)
FNDA:0,(anonymous_8)
FNDA:0,(anonymous_9)
FNDA:0,(anonymous_10)
DA:1,6
DA:2,6
DA:3,6
DA:4,6
DA:8,6
DA:9,6
DA:19,6
DA:23,1
DA:26,1
DA:27,1
DA:31,6
DA:35,6
DA:42,0
DA:43,0
DA:45,0
DA:54,0
DA:55,0
DA:58,0
DA:59,0
DA:61,0
DA:68,2
DA:75,0
DA:76,0
DA:77,0
DA:80,0
DA:81,0
DA:83,0
DA:92,0
DA:93,0
DA:95,0
DA:102,0
DA:113,0
DA:114,0
DA:116,0
DA:124,0
DA:125,0
DA:127,0
LF:37
LH:13
BRDA:54,0,0,0
BRDA:75,1,0,0
BRDA:104,2,0,0
BRDA:104,2,1,0
BRDA:113,3,0,0
BRDA:113,3,1,0
BRDA:124,4,0,0
BRDA:124,4,1,0
BRDA:26,5,0,6
BRDA:26,5,1,0
BRDA:26,6,0,6
BRDA:26,6,1,6
BRF:12
BRH:3
end_of_record
TN:
SF:src\web\app\components\question-types\question-edit-details-form\constsum-recipients-question-edit-details-form.component.ts
FN:26,(anonymous_0)
FN:33,(anonymous_1)
FNF:2
FNH:1
FNDA:1,(anonymous_0)
FNDA:0,(anonymous_1)
DA:1,6
DA:2,6
DA:6,6
DA:9,6
DA:19,6
DA:23,1
DA:27,1
DA:34,0
LF:8
LH:7
BRDA:36,0,0,0
BRDA:36,0,1,0
BRF:2
BRH:0
end_of_record
TN:
SF:src\web\app\components\question-types\question-edit-details-form\contribution-question-edit-details-form.component.ts
FN:25,(anonymous_0)
FN:32,(anonymous_1)
FNF:2
FNH:1
FNDA:1,(anonymous_0)
FNDA:0,(anonymous_1)
DA:1,6
DA:3,6
DA:4,6
DA:7,6
DA:8,6
DA:18,6
DA:22,1
DA:23,1
DA:26,1
DA:33,0
DA:34,0
DA:39,0
LF:12
LH:9
BRDA:33,0,0,0
BRDA:33,0,1,0
BRF:2
BRH:0
end_of_record
TN:
SF:src\web\app\components\question-types\question-edit-details-form\mcq-question-edit-details-form.component.ts
FN:34,(anonymous_0)
FN:41,(anonymous_1)
FN:59,(anonymous_2)
FN:75,(anonymous_3)
FN:91,(anonymous_4)
FN:100,(anonymous_5)
FN:109,(anonymous_6)
FN:116,(anonymous_7)
FN:123,(anonymous_8)
FN:134,(anonymous_9)
FN:144,(anonymous_10)
FN:153,(anonymous_11)
FN:172,(anonymous_12)
FNF:13
FNH:3
FNDA:5,(anonymous_0)
FNDA:0,(anonymous_1)
FNDA:0,(anonymous_2)
FNDA:0,(anonymous_3)
FNDA:0,(anonymous_4)
FNDA:0,(anonymous_5)
FNDA:0,(anonymous_6)
FNDA:0,(anonymous_7)
FNDA:0,(anonymous_8)
FNDA:0,(anonymous_9)
FNDA:2,(anonymous_10)
FNDA:0,(anonymous_11)
FNDA:56,(anonymous_12)
DA:1,6
DA:2,6
DA:3,6
DA:4,6
DA:5,6
DA:15,6
DA:18,5
DA:29,5
DA:35,5
DA:42,0
DA:43,0
DA:46,0
DA:47,0
DA:48,0
DA:49,0
DA:50,0
DA:51,0
DA:52,0
DA:53,0
DA:60,0
DA:61,0
DA:62,0
DA:63,0
DA:64,0
DA:65,0
DA:66,0
DA:67,0
DA:69,0
DA:76,0
DA:77,0
DA:78,0
DA:79,0
DA:80,0
DA:81,0
DA:82,0
DA:83,0
DA:85,0
DA:92,0
DA:93,0
DA:94,0
DA:101,0
DA:102,0
DA:103,0
DA:110,0
DA:117,0
DA:124,0
DA:135,0
DA:145,2
DA:154,0
DA:155,0
DA:156,0
DA:165,0
DA:173,56
LF:53
LH:11
BRDA:42,0,0,0
BRDA:64,1,0,0
BRDA:80,2,0,0
BRDA:125,3,0,0
BRDA:125,3,1,0
BRDA:154,4,0,0
BRDA:154,4,1,0
BRF:7
BRH:0
end_of_record
TN:
SF:src\web\app\components\question-types\question-edit-details-form\msq-question-edit-details-form.component.ts
FN:40,(anonymous_0)
FN:47,(anonymous_1)
FN:65,(anonymous_2)
FN:74,(anonymous_3)
FN:90,(anonymous_4)
FN:113,(anonymous_5)
FN:120,(anonymous_6)
FN:127,(anonymous_7)
FN:136,(anonymous_8)
FN:154,(anonymous_9)
FN:175,(anonymous_10)
FN:191,(anonymous_11)
FN:199,(anonymous_12)
FN:206,(anonymous_13)
FN:213,(anonymous_14)
FN:220,(anonymous_15)
FN:227,(anonymous_16)
FN:234,(anonymous_17)
FN:244,(anonymous_18)
FN:254,(anonymous_19)
FNF:20
FNH:8
FNDA:1,(anonymous_0)
FNDA:0,(anonymous_1)
FNDA:0,(anonymous_2)
FNDA:0,(anonymous_3)
FNDA:0,(anonymous_4)
FNDA:2,(anonymous_5)
FNDA:2,(anonymous_6)
FNDA:0,(anonymous_7)
FNDA:0,(anonymous_8)
FNDA:0,(anonymous_9)
FNDA:0,(anonymous_10)
FNDA:0,(anonymous_11)
FNDA:0,(anonymous_12)
FNDA:0,(anonymous_13)
FNDA:12,(anonymous_14)
FNDA:8,(anonymous_15)
FNDA:8,(anonymous_16)
FNDA:2,(anonymous_17)
FNDA:4,(anonymous_18)
FNDA:0,(anonymous_19)
DA:1,6
DA:2,6
DA:3,6
DA:7,6
DA:8,6
DA:9,6
DA:19,6
DA:22,1
DA:33,1
DA:41,1
DA:48,0
DA:49,0
DA:52,0
DA:53,0
DA:54,0
DA:55,0
DA:56,0
DA:66,0
DA:67,0
DA:68,0
DA:75,0
DA:76,0
DA:77,0
DA:78,0
DA:79,0
DA:80,0
DA:81,0
DA:82,0
DA:84,0
DA:91,0
DA:92,0
DA:93,0
DA:94,0
DA:95,0
DA:96,0
DA:97,0
DA:98,0
DA:100,0
DA:101,0
DA:102,0
DA:104,0
DA:105,0
DA:107,0
DA:114,2
DA:121,2
DA:128,0
DA:129,0
DA:130,0
DA:137,0
DA:141,0
DA:142,0
DA:143,0
DA:145,0
DA:146,0
DA:148,0
DA:155,0
DA:156,0
DA:157,0
DA:167,0
DA:168,0
DA:176,0
DA:177,0
DA:178,0
DA:181,0
DA:182,0
DA:184,0
DA:192,0
DA:193,0
DA:200,0
DA:207,0
DA:214,12
DA:221,8
DA:228,8
DA:235,2
DA:236,0
DA:238,2
DA:245,4
DA:246,0
DA:248,4
DA:255,0
LF:80
LH:19
BRDA:48,0,0,0
BRDA:79,1,0,0
BRDA:95,2,0,0
BRDA:100,3,0,0
BRDA:100,3,1,0
BRDA:101,4,0,0
BRDA:101,5,0,0
BRDA:101,5,1,0
BRDA:104,6,0,0
BRDA:104,7,0,0
BRDA:104,7,1,0
BRDA:114,8,0,0
BRDA:114,8,1,2
BRDA:121,9,0,0
BRDA:121,9,1,2
BRDA:141,10,0,0
BRDA:141,10,1,0
BRDA:142,11,0,0
BRDA:142,12,0,0
BRDA:142,12,1,0
BRDA:145,13,0,0
BRDA:145,14,0,0
BRDA:145,14,1,0
BRDA:155,15,0,0
BRDA:155,15,1,0
BRDA:176,16,0,0
BRDA:181,17,0,0
BRDA:181,17,1,0
BRDA:192,18,0,0
BRDA:192,18,1,0
BRDA:235,19,0,0
BRDA:245,20,0,0
BRDA:248,21,0,0
BRDA:248,21,1,4
BRDA:256,22,0,0
BRDA:256,22,1,0
BRF:36
BRH:3
end_of_record
TN:
SF:src\web\app\components\question-types\question-edit-details-form\num-scale-question-edit-details-form.component.ts
FN:19,(anonymous_0)
FN:26,(anonymous_1)
FN:38,(anonymous_2)
FNF:3
FNH:3
FNDA:1,(anonymous_0)
FNDA:4,(anonymous_1)
FNDA:2,(anonymous_2)
DA:1,6
DA:3,6
DA:4,6
DA:14,6
DA:17,1
DA:20,1
DA:27,4
DA:28,4
DA:29,4
DA:30,4
DA:32,4
DA:40,2
DA:42,2
DA:43,2
DA:50,0
DA:51,0
DA:53,0
DA:54,0
DA:55,0
DA:57,0
LF:20
LH:14
BRDA:40,0,0,2
BRF:1
BRH:1
end_of_record
TN:
SF:src\web\app\components\question-types\question-edit-details-form\question-edit-details-form.component.ts
FN:24,(anonymous_0)
FN:17,(anonymous_1)
FN:31,(anonymous_2)
FN:38,(anonymous_3)
FNF:4
FNH:3
FNDA:25,(anonymous_0)
FNDA:11,(anonymous_1)
FNDA:0,(anonymous_2)
FNDA:2,(anonymous_3)
DA:1,15
DA:9,15
DA:14,25
DA:18,11
DA:22,25
DA:25,25
DA:32,0
DA:39,2
LF:8
LH:7
BRDA:24,0,0,0
BRDA:24,0,1,15
BRDA:24,1,0,15
BRDA:24,1,1,0
BRF:4
BRH:2
end_of_record
TN:
SF:src\web\app\components\question-types\question-edit-details-form\rank-options-question-edit-details-form.component.ts
FN:19,(anonymous_0)
FN:26,(anonymous_1)
FN:35,(anonymous_2)
FN:48,(anonymous_3)
FN:55,(anonymous_4)
FN:71,(anonymous_5)
FN:80,(anonymous_6)
FN:88,(anonymous_7)
FN:104,(anonymous_8)
FN:111,(anonymous_9)
FN:118,(anonymous_10)
FN:125,(anonymous_11)
FN:132,(anonymous_12)
FNF:13
FNH:6
FNDA:1,(anonymous_0)
FNDA:0,(anonymous_1)
FNDA:0,(anonymous_2)
FNDA:0,(anonymous_3)
FNDA:0,(anonymous_4)
FNDA:0,(anonymous_5)
FNDA:0,(anonymous_6)
FNDA:0,(anonymous_7)
FNDA:8,(anonymous_8)
FNDA:8,(anonymous_9)
FNDA:2,(anonymous_10)
FNDA:2,(anonymous_11)
FNDA:2,(anonymous_12)
DA:1,6
DA:2,6
DA:4,6
DA:5,6
DA:6,6
DA:16,6
DA:20,1
DA:27,0
DA:28,0
DA:29,0
DA:36,0
DA:37,0
DA:40,0
DA:41,0
DA:42,0
DA:49,0
DA:56,0
DA:57,0
DA:59,0
DA:72,0
DA:73,0
DA:74,0
DA:81,0
DA:82,0
DA:89,0
DA:90,0
DA:91,0
DA:94,0
DA:95,0
DA:97,0
DA:105,8
DA:112,8
DA:119,2
DA:126,2
DA:133,2
LF:35
LH:12
BRDA:36,0,0,0
BRDA:61,1,0,0
BRDA:61,1,1,0
BRDA:63,2,0,0
BRDA:63,2,1,0
BRDA:81,3,0,0
BRDA:81,3,1,0
BRDA:89,4,0,0
BRDA:94,5,0,0
BRDA:94,5,1,0
BRDA:119,6,0,0
BRDA:119,6,1,2
BRDA:126,7,0,0
BRDA:126,7,1,2
BRDA:133,8,0,0
BRDA:133,8,1,2
BRF:16
BRH:3
end_of_record
TN:
SF:src\web\app\components\question-types\question-edit-details-form\rank-recipients-question-edit-details-form.component.ts
FN:20,(anonymous_0)
FN:27,(anonymous_1)
FN:35,(anonymous_2)
FN:51,(anonymous_3)
FN:58,(anonymous_4)
FN:65,(anonymous_5)
FN:72,(anonymous_6)
FN:79,(anonymous_7)
FNF:8
FNH:6
FNDA:1,(anonymous_0)
FNDA:0,(anonymous_1)
FNDA:0,(anonymous_2)
FNDA:8,(anonymous_3)
FNDA:8,(anonymous_4)
FNDA:2,(anonymous_5)
FNDA:2,(anonymous_6)
FNDA:2,(anonymous_7)
DA:1,6
DA:5,6
DA:6,6
DA:7,6
DA:17,6
DA:21,1
DA:28,0
DA:29,0
DA:36,0
DA:37,0
DA:38,0
DA:41,0
DA:42,0
DA:44,0
DA:52,8
DA:59,8
DA:66,2
DA:73,2
DA:80,2
LF:19
LH:11
BRDA:28,0,0,0
BRDA:28,0,1,0
BRDA:36,1,0,0
BRDA:41,2,0,0
BRDA:41,2,1,0
BRDA:66,3,0,0
BRDA:66,3,1,2
BRDA:73,4,0,0
BRDA:73,4,1,2
BRDA:80,5,0,0
BRDA:80,5,1,2
BRF:11
BRH:3
end_of_record
TN:
SF:src\web\app\components\question-types\question-edit-details-form\rubric-question-edit-details-form.component.ts
FN:23,(anonymous_0)
FN:30,(anonymous_1)
FN:40,(anonymous_2)
FN:50,(anonymous_3)
FN:51,(anonymous_4)
FN:60,(anonymous_5)
FN:61,(anonymous_6)
FN:70,(anonymous_7)
FN:77,(anonymous_8)
FN:81,(anonymous_9)
FN:87,(anonymous_10)
FN:101,(anonymous_11)
FN:105,(anonymous_12)
FN:113,(anonymous_13)
FN:130,(anonymous_14)
FN:134,(anonymous_15)
FN:142,(anonymous_16)
FN:159,(anonymous_17)
FN:166,(anonymous_18)
FN:171,(anonymous_19)
FN:177,(anonymous_20)
FN:188,(anonymous_21)
FN:194,(anonymous_22)
FN:196,(anonymous_23)
FN:200,(anonymous_24)
FN:209,(anonymous_25)
FN:221,(anonymous_26)
FN:227,(anonymous_27)
FN:231,(anonymous_28)
FN:231,(anonymous_29)
FN:238,(anonymous_30)
FNF:31
FNH:1
FNDA:1,(anonymous_0)
FNDA:0,(anonymous_1)
FNDA:0,(anonymous_2)
FNDA:0,(anonymous_3)
FNDA:0,(anonymous_4)
FNDA:0,(anonymous_5)
FNDA:0,(anonymous_6)
FNDA:0,(anonymous_7)
FNDA:0,(anonymous_8)
FNDA:0,(anonymous_9)
FNDA:0,(anonymous_10)
FNDA:0,(anonymous_11)
FNDA:0,(anonymous_12)
FNDA:0,(anonymous_13)
FNDA:0,(anonymous_14)
FNDA:0,(anonymous_15)
FNDA:0,(anonymous_16)
FNDA:0,(anonymous_17)
FNDA:0,(anonymous_18)
FNDA:0,(anonymous_19)
FNDA:0,(anonymous_20)
FNDA:0,(anonymous_21)
FNDA:0,(anonymous_22)
FNDA:0,(anonymous_23)
FNDA:0,(anonymous_24)
FNDA:0,(anonymous_25)
FNDA:0,(anonymous_26)
FNDA:0,(anonymous_27)
FNDA:0,(anonymous_28)
FNDA:0,(anonymous_29)
FNDA:0,(anonymous_30)
DA:1,6
DA:2,6
DA:3,6
DA:5,6
DA:6,6
DA:7,6
DA:17,6
DA:20,1
DA:21,1
DA:23,1
DA:24,1
DA:31,0
DA:32,0
DA:34,0
DA:41,0
DA:42,0
DA:44,0
DA:51,0
DA:52,0
DA:54,0
DA:61,0
DA:62,0
DA:64,0
DA:71,0
DA:78,0
DA:79,0
DA:81,0
DA:82,0
DA:85,0
DA:86,0
DA:87,0
DA:88,0
DA:91,0
DA:102,0
DA:103,0
DA:105,0
DA:106,0
DA:107,0
DA:111,0
DA:112,0
DA:113,0
DA:115,0
DA:116,0
DA:120,0
DA:131,0
DA:132,0
DA:134,0
DA:135,0
DA:136,0
DA:140,0
DA:141,0
DA:142,0
DA:144,0
DA:145,0
DA:149,0
DA:160,0
DA:162,0
DA:165,0
DA:168,0
DA:169,0
DA:171,0
DA:172,0
DA:175,0
DA:176,0
DA:177,0
DA:179,0
DA:182,0
DA:195,0
DA:197,0
DA:198,0
DA:200,0
DA:201,0
DA:202,0
DA:203,0
DA:207,0
DA:208,0
DA:209,0
DA:210,0
DA:211,0
DA:212,0
DA:216,0
DA:228,0
DA:231,0
DA:239,0
DA:240,0
DA:242,0
DA:243,0
DA:246,0
DA:247,0
DA:248,0
DA:249,0
DA:252,0
LF:92
LH:11
BRDA:86,0,0,0
BRDA:112,1,0,0
BRDA:141,2,0,0
BRDA:160,3,0,0
BRDA:160,4,0,0
BRDA:160,4,1,0
BRDA:176,5,0,0
BRDA:208,6,0,0
BRDA:231,7,0,0
BRDA:231,7,1,0
BRDA:247,8,0,0
BRDA:23,9,0,6
BRDA:23,9,1,0
BRDA:23,10,0,6
BRDA:23,10,1,6
BRF:15
BRH:3
end_of_record
TN:
SF:src\web\app\components\question-types\question-edit-details-form\text-question-edit-details-form.component.ts
FN:17,(anonymous_0)
FNF:1
FNH:1
FNDA:12,(anonymous_0)
DA:1,6
DA:3,6
DA:4,6
DA:14,6
DA:18,12
LF:5
LH:5
BRF:0
BRH:0
end_of_record
TN:
SF:src\web\app\components\question-types\question-edit-details-form\constsum-options-field\constsum-options-field.component.ts
FN:28,(anonymous_1)
FN:35,(anonymous_2)
FNF:2
FNH:0
FNDA:0,(anonymous_1)
FNDA:0,(anonymous_2)
DA:1,7
DA:11,7
DA:14,3
DA:17,3
DA:20,3
DA:23,3
DA:29,0
DA:36,0
LF:8
LH:6
BRF:0
BRH:0
end_of_record
TN:
SF:src\web\app\components\question-types\question-edit-details-form\mcq-field\mcq-field.component.ts
FN:35,(anonymous_0)
FN:40,(anonymous_1)
FN:51,(anonymous_2)
FNF:3
FNH:1
FNDA:2,(anonymous_0)
FNDA:0,(anonymous_1)
FNDA:0,(anonymous_2)
DA:1,7
DA:2,7
DA:12,7
DA:15,2
DA:18,2
DA:21,2
DA:24,2
DA:27,2
DA:30,2
DA:33,2
DA:35,2
DA:41,0
DA:42,0
DA:44,0
DA:52,0
LF:15
LH:11
BRDA:41,0,0,0
BRDA:41,0,1,0
BRDA:35,1,0,7
BRDA:35,1,1,0
BRDA:35,2,0,7
BRDA:35,2,1,7
BRF:6
BRH:3
end_of_record
TN:
SF:src\web\app\components\question-types\question-edit-details-form\msq-field\msq-field.component.ts
FN:32,(anonymous_0)
FN:37,(anonymous_1)
FN:48,(anonymous_2)
FNF:3
FNH:1
FNDA:1,(anonymous_0)
FNDA:0,(anonymous_1)
FNDA:0,(anonymous_2)
DA:1,7
DA:2,7
DA:12,7
DA:15,1
DA:18,1
DA:21,1
DA:24,1
DA:27,1
DA:30,1
DA:32,1
DA:38,0
DA:39,0
DA:41,0
DA:49,0
LF:14
LH:10
BRDA:38,0,0,0
BRDA:38,0,1,0
BRDA:32,1,0,7
BRDA:32,1,1,0
BRDA:32,2,0,7
BRDA:32,2,1,7
BRF:6
BRH:3
end_of_record
TN:
SF:src\web\app\components\question-types\question-edit-details-form\rank-options-field\rank-options-field.component.ts
FN:32,(anonymous_0)
FN:37,(anonymous_1)
FN:44,(anonymous_2)
FNF:3
FNH:1
FNDA:1,(anonymous_0)
FNDA:0,(anonymous_1)
FNDA:0,(anonymous_2)
DA:1,7
DA:2,7
DA:12,7
DA:15,1
DA:18,1
DA:21,1
DA:24,1
DA:27,1
DA:30,1
DA:32,1
DA:38,0
DA:45,0
DA:46,0
DA:48,0
LF:14
LH:10
BRDA:45,0,0,0
BRDA:45,0,1,0
BRDA:32,1,0,7
BRDA:32,1,1,0
BRDA:32,2,0,7
BRDA:32,2,1,7
BRF:6
BRH:3
end_of_record
TN:
SF:src\web\app\components\question-types\question-edit-details-form\weight-field\weight-field.component.ts
FN:25,(anonymous_1)
FNF:1
FNH:0
FNDA:0,(anonymous_1)
DA:1,8
DA:11,8
DA:14,1
DA:17,1
DA:20,1
DA:26,0
LF:6
LH:5
BRF:0
BRH:0
end_of_record
TN:
SF:src\web\app\components\question-types\question-instruction\constsum-options-question-instruction.component.ts
FN:30,(anonymous_1)
FNF:1
FNH:1
FNDA:2,(anonymous_1)
DA:1,5
DA:2,5
DA:6,5
DA:18,5
DA:21,1
DA:24,1
DA:31,2
DA:32,0
DA:35,2
LF:9
LH:8
BRDA:31,0,0,0
BRF:1
BRH:0
end_of_record
TN:
SF:src\web\app\components\question-types\question-instruction\constsum-recipients-question-instruction.component.ts
FN:33,(anonymous_1)
FNF:1
FNH:1
FNDA:6,(anonymous_1)
DA:1,5
DA:2,5
DA:6,5
DA:18,5
DA:21,3
DA:24,3
DA:27,3
DA:34,6
DA:35,4
DA:38,2
LF:10
LH:10
BRDA:34,0,0,4
BRF:1
BRH:1
end_of_record
TN:
SF:src\web\app\components\question-types\question-instruction\contribution-question-instruction.component.ts
FN:23,(anonymous_0)
FN:25,(anonymous_1)
FNF:2
FNH:1
FNDA:3,(anonymous_0)
FNDA:0,(anonymous_1)
DA:1,5
DA:2,5
DA:4,5
DA:5,5
DA:15,5
DA:18,3
DA:21,3
DA:23,3
DA:26,0
DA:27,0
LF:10
LH:8
BRDA:23,0,0,5
BRDA:23,0,1,0
BRDA:23,1,0,5
BRDA:23,1,1,5
BRF:4
BRH:3
end_of_record
TN:
SF:src\web\app\components\question-types\question-instruction\num-scale-question-instruction.component.ts
FNF:0
FNH:0
DA:1,5
[...]
DA:20,74
DA:21,74
DA:23,74
DA:29,6
DA:30,6
DA:33,6
DA:38,6
DA:39,6
DA:40,6
DA:47,3
DA:50,3
DA:55,3
DA:56,3
DA:63,5
DA:67,5
DA:68,5
DA:69,5
DA:78,5
DA:82,5
DA:83,5
DA:84,5
DA:91,4
DA:94,4
DA:100,4
DA:101,4
DA:102,4
DA:109,10
DA:110,10
DA:111,10
DA:114,10
DA:119,10
DA:120,3
DA:123,10
DA:124,10
DA:125,10
DA:132,6
DA:133,6
DA:134,6
DA:137,6
DA:142,6
DA:143,2
DA:146,6
DA:147,6
DA:148,6
DA:155,37
DA:156,89
DA:157,1
LF:56
LH:56
BRDA:30,0,0,6
BRDA:30,0,1,0
BRDA:111,1,0,10
BRDA:111,1,1,0
BRDA:119,2,0,3
BRDA:134,3,0,6
BRDA:134,3,1,0
BRDA:142,4,0,2
BRDA:156,5,0,1
BRDA:23,6,0,6
BRDA:23,6,1,0
BRDA:23,7,0,6
BRDA:23,7,1,6
BRF:13
BRH:9
end_of_record
TN:
SF:src\web\services\loading-bar.service.ts
FN:17,(anonymous_1)
FN:24,(anonymous_2)
FNF:2
FNH:2
FNDA:6,(anonymous_1)
FNDA:5,(anonymous_2)
DA:1,10
DA:2,10
DA:10,10
DA:12,38
DA:18,6
DA:25,5
LF:6
LH:6
BRF:0
BRH:0
end_of_record
TN:
SF:src\web\services\log.service.ts
FN:21,(anonymous_0)
FN:26,(anonymous_1)
FN:45,(anonymous_2)
FN:74,(anonymous_3)
FN:151,(anonymous_4)
FNF:5
FNH:3
FNDA:70,(anonymous_0)
FNDA:3,(anonymous_1)
FNDA:0,(anonymous_2)
FNDA:0,(anonymous_3)
FNDA:11,(anonymous_4)
DA:1,5
DA:3,5
DA:11,5
DA:19,5
DA:21,70
DA:32,3
DA:39,3
DA:53,0
DA:59,0
DA:60,0
DA:63,0
DA:64,0
DA:67,0
DA:68,0
DA:71,0
DA:75,0
DA:80,0
DA:81,0
DA:84,0
DA:85,0
DA:88,0
DA:89,0
DA:92,0
DA:93,0
DA:96,0
DA:97,0
DA:100,0
DA:101,0
DA:104,0
DA:105,0
DA:106,0
DA:109,0
DA:110,0
DA:113,0
DA:114,0
DA:118,0
DA:119,0
DA:120,0
DA:123,0
DA:124,0
DA:128,0
DA:129,0
DA:132,0
DA:133,0
DA:136,0
DA:137,0
DA:140,0
DA:141,0
DA:144,0
DA:145,0
DA:148,0
DA:152,11
LF:52
LH:8
BRDA:59,0,0,0
BRDA:63,1,0,0
BRDA:67,2,0,0
BRDA:76,3,0,0
BRDA:76,3,1,0
BRDA:77,4,0,0
BRDA:77,4,1,0
BRDA:80,5,0,0
BRDA:84,6,0,0
BRDA:88,7,0,0
BRDA:92,8,0,0
BRDA:96,9,0,0
BRDA:100,10,0,0
BRDA:104,11,0,0
BRDA:105,12,0,0
BRDA:109,13,0,0
BRDA:113,14,0,0
BRDA:118,15,0,0
BRDA:119,16,0,0
BRDA:123,17,0,0
BRDA:128,18,0,0
BRDA:132,19,0,0
BRDA:136,20,0,0
BRDA:140,21,0,0
BRDA:144,22,0,0
BRDA:21,23,0,5
BRDA:21,23,1,0
BRDA:21,24,0,5
BRDA:21,24,1,5
BRF:29
BRH:3
end_of_record
TN:
SF:src\web\services\masquerade-mode.service.ts
FN:14,(anonymous_0)
FN:23,(anonymous_1)
FNF:2
FNH:2
FNDA:1717,(anonymous_0)
FNDA:726,(anonymous_1)
DA:1,131
DA:9,131
DA:15,1717
DA:16,1717
DA:17,1717
DA:24,726
LF:6
LH:6
BRDA:17,0,0,1717
BRDA:17,0,1,1717
BRF:2
BRH:2
end_of_record
TN:
SF:src\web\services\navigation.service.ts
FN:17,(anonymous_0)
FN:24,(anonymous_1)
FN:28,(anonymous_2)
FN:35,(anonymous_3)
FN:44,(anonymous_4)
FN:56,(anonymous_5)
FN:63,(anonymous_6)
FN:64,(anonymous_7)
FN:72,(anonymous_8)
FN:73,(anonymous_9)
FNF:10
FNH:3
FNDA:233,(anonymous_0)
FNDA:40,(anonymous_1)
FNDA:94,(anonymous_2)
FNDA:0,(anonymous_3)
FNDA:0,(anonymous_4)
FNDA:0,(anonymous_5)
FNDA:0,(anonymous_6)
FNDA:0,(anonymous_7)
FNDA:0,(anonymous_8)
FNDA:0,(anonymous_9)
DA:1,25
DA:2,25
DA:3,25
DA:4,25
DA:5,25
DA:15,25
DA:17,233
DA:18,233
DA:19,233
DA:20,233
DA:21,233
DA:25,40
DA:26,0
DA:28,94
DA:36,0
DA:41,0
DA:46,0
DA:47,0
DA:48,0
DA:50,0
DA:57,0
DA:64,0
DA:65,0
DA:73,0
DA:74,0
LF:25
LH:13
BRDA:25,0,0,0
BRDA:44,1,0,0
BRDA:45,2,0,0
BRDA:47,3,0,0
BRDA:72,4,0,0
BRDA:17,5,0,25
BRDA:17,5,1,0
BRDA:17,6,0,25
BRDA:17,6,1,25
BRDA:17,7,0,25
BRDA:17,7,1,0
BRDA:17,8,0,25
BRDA:17,8,1,25
BRDA:18,9,0,25
BRDA:18,9,1,0
BRDA:18,10,0,25
BRDA:18,10,1,25
BRDA:19,11,0,25
BRDA:19,11,1,0
BRDA:19,12,0,25
BRDA:19,12,1,25
BRDA:20,13,0,25
BRDA:20,13,1,0
BRDA:20,14,0,25
BRDA:20,14,1,25
BRF:25
BRH:15
end_of_record
TN:
SF:src\web\services\notification.service.ts
FN:26,(anonymous_0)
FN:31,(anonymous_1)
FN:38,(anonymous_2)
FN:45,(anonymous_3)
FN:55,(anonymous_4)
FN:65,(anonymous_5)
FN:72,(anonymous_6)
FN:83,(anonymous_7)
FN:94,(anonymous_8)
FNF:9
FNH:7
FNDA:41,(anonymous_0)
FNDA:1,(anonymous_1)
FNDA:14,(anonymous_2)
FNDA:1,(anonymous_3)
FNDA:1,(anonymous_4)
FNDA:0,(anonymous_5)
FNDA:0,(anonymous_6)
FNDA:16,(anonymous_7)
FNDA:16,(anonymous_8)
DA:1,15
DA:3,15
DA:16,15
DA:24,15
DA:26,41
DA:32,1
DA:39,14
DA:46,1
DA:49,1
DA:56,1
DA:59,1
DA:66,0
DA:73,0
DA:77,0
DA:84,16
DA:88,16
DA:95,16
LF:17
LH:14
BRDA:26,0,0,15
BRDA:26,0,1,0
BRDA:26,1,0,15
BRDA:26,1,1,15
BRF:4
BRH:3
end_of_record
TN:
SF:src\web\services\progress-bar.service.ts
FN:17,(anonymous_1)
FNF:1
FNH:1
FNDA:4,(anonymous_1)
DA:1,11
DA:2,11
DA:10,11
DA:12,99
DA:18,4
LF:5
LH:5
BRF:0
BRH:0
end_of_record
TN:
SF:src\web\services\search.service.ts
FN:33,(anonymous_0)
FN:42,(anonymous_1)
FN:44,(anonymous_2)
FN:53,(anonymous_3)
FN:59,(anonymous_4)
FN:62,(anonymous_5)
FN:71,(anonymous_6)
FN:81,(anonymous_7)
FN:89,(anonymous_8)
FN:96,(anonymous_9)
FN:103,(anonymous_10)
FN:110,(anonymous_11)
FN:122,(anonymous_12)
FN:201,(anonymous_13)
FN:206,(anonymous_14)
FN:211,(anonymous_15)
FN:254,(anonymous_16)
FN:294,(anonymous_17)
FN:297,(anonymous_18)
FN:300,(anonymous_19)
FN:323,(anonymous_20)
FN:325,(anonymous_21)
FN:326,(anonymous_22)
FN:336,(anonymous_23)
FN:351,(anonymous_24)
FN:353,(anonymous_25)
FN:356,(anonymous_26)
FN:358,(anonymous_27)
FN:366,(anonymous_28)
FN:373,(anonymous_29)
FN:376,(anonymous_30)
FN:387,(anonymous_31)
FN:389,(anonymous_32)
FN:398,(anonymous_33)
FN:400,(anonymous_34)
FN:402,(anonymous_35)
FN:404,(anonymous_36)
FN:412,(anonymous_37)
FN:414,(anonymous_38)
FN:418,(anonymous_39)
FN:421,(anonymous_40)
FN:430,(anonymous_41)
FN:439,(anonymous_42)
FNF:43
FNH:11
FNDA:46,(anonymous_0)
FNDA:0,(anonymous_1)
FNDA:0,(anonymous_2)
FNDA:1,(anonymous_3)
FNDA:0,(anonymous_4)
FNDA:0,(anonymous_5)
FNDA:0,(anonymous_6)
FNDA:2,(anonymous_7)
FNDA:2,(anonymous_8)
FNDA:2,(anonymous_9)
FNDA:0,(anonymous_10)
FNDA:0,(anonymous_11)
FNDA:3,(anonymous_12)
FNDA:0,(anonymous_13)
FNDA:0,(anonymous_14)
FNDA:1,(anonymous_15)
FNDA:4,(anonymous_16)
FNDA:0,(anonymous_17)
FNDA:0,(anonymous_18)
FNDA:2,(anonymous_19)
FNDA:0,(anonymous_20)
FNDA:0,(anonymous_21)
FNDA:0,(anonymous_22)
FNDA:0,(anonymous_23)
FNDA:0,(anonymous_24)
FNDA:0,(anonymous_25)
FNDA:0,(anonymous_26)
FNDA:0,(anonymous_27)
FNDA:0,(anonymous_28)
FNDA:0,(anonymous_29)
FNDA:0,(anonymous_30)
FNDA:0,(anonymous_31)
FNDA:0,(anonymous_32)
FNDA:0,(anonymous_33)
FNDA:0,(anonymous_34)
FNDA:0,(anonymous_35)
FNDA:0,(anonymous_36)
FNDA:0,(anonymous_37)
FNDA:0,(anonymous_38)
FNDA:0,(anonymous_39)
FNDA:0,(anonymous_40)
FNDA:12,(anonymous_41)
FNDA:27,(anonymous_42)
DA:1,4
DA:2,4
DA:3,4
DA:4,4
DA:5,4
DA:17,4
DA:18,4
DA:19,4
DA:20,4
DA:21,4
DA:22,4
DA:23,4
DA:31,4
DA:34,46
DA:35,46
DA:36,46
DA:37,46
DA:38,46
DA:39,46
DA:43,0
DA:45,0
DA:54,1
DA:60,0
DA:63,0
DA:64,0
DA:72,0
DA:82,2
DA:86,2
DA:90,2
DA:93,2
DA:97,2
DA:100,2
DA:110,0
DA:111,0
DA:112,0
DA:129,3
DA:158,3
DA:159,3
DA:161,3
DA:162,3
DA:164,3
DA:165,3
DA:166,6
DA:168,2
DA:169,2
DA:174,3
DA:175,1
DA:176,2
DA:177,2
DA:179,1
DA:180,1
DA:187,3
DA:188,3
DA:191,3
DA:192,3
DA:194,3
DA:195,3
DA:198,3
DA:206,0
DA:207,0
DA:216,1
DA:233,1
DA:234,1
DA:236,1
DA:237,1
DA:241,1
DA:242,1
DA:245,1
DA:246,1
DA:248,1
DA:251,1
DA:256,4
DA:262,4
DA:263,8
DA:264,4
DA:269,4
DA:270,0
DA:276,4
DA:283,8
DA:284,4
DA:291,4
DA:297,0
DA:301,2
DA:311,2
DA:313,2
DA:314,2
DA:315,2
DA:317,2
DA:318,2
DA:320,2
DA:324,0
DA:325,0
DA:326,0
DA:328,0
DA:329,0
DA:331,0
DA:341,0
DA:352,0
DA:354,0
DA:357,0
DA:358,0
DA:359,0
DA:361,0
DA:369,0
DA:370,0
DA:371,0
DA:374,0
DA:376,0
DA:388,0
DA:389,0
DA:390,0
DA:392,0
DA:399,0
DA:400,0
DA:403,0
DA:404,0
DA:405,0
DA:407,0
DA:413,0
DA:415,0
DA:419,0
DA:420,0
DA:422,0
DA:425,0
DA:432,12
DA:434,12
DA:436,12
DA:440,27
DA:442,27
LF:129
LH:82
BRDA:153,0,0,0
BRDA:156,1,0,0
BRDA:157,2,0,0
BRDA:166,3,0,2
BRDA:166,4,0,6
BRDA:166,4,1,6
BRDA:174,5,0,1
BRDA:177,6,0,1
BRDA:177,7,0,2
BRDA:177,7,1,2
BRDA:177,7,2,2
BRDA:233,8,0,0
BRDA:233,9,0,1
BRDA:263,10,0,4
BRDA:263,10,1,4
BRDA:269,11,0,0
BRDA:269,11,1,4
BRDA:283,12,0,4
BRDA:313,13,0,2
BRDA:313,13,1,1
BRDA:315,14,0,1
BRDA:315,14,1,1
BRDA:328,15,0,0
BRDA:34,16,0,4
BRDA:34,16,1,0
BRDA:34,17,0,4
BRDA:34,17,1,4
BRDA:34,18,0,4
BRDA:34,18,1,0
BRDA:34,19,0,4
BRDA:34,19,1,4
BRDA:35,20,0,4
BRDA:35,20,1,0
BRDA:35,21,0,4
BRDA:35,21,1,4
BRDA:36,22,0,4
BRDA:36,22,1,0
BRDA:36,23,0,4
BRDA:36,23,1,4
BRDA:37,24,0,4
BRDA:37,24,1,0
BRDA:37,25,0,4
BRDA:37,25,1,4
BRDA:38,26,0,4
BRDA:38,26,1,0
BRDA:38,27,0,4
BRDA:38,27,1,4
BRF:47
BRH:35
end_of_record
TN:
SF:src\web\services\session-result-csv.service.ts
FN:29,(anonymous_0)
FN:34,(anonymous_1)
FN:43,(anonymous_2)
FN:53,(anonymous_3)
FN:70,(anonymous_4)
FN:75,(anonymous_5)
FN:91,(anonymous_6)
FN:111,(anonymous_7)
FN:123,(anonymous_8)
FN:124,(anonymous_9)
FN:133,(anonymous_10)
FN:192,(anonymous_11)
FN:201,(anonymous_12)
FN:210,(anonymous_13)
FN:219,(anonymous_14)
FN:228,(anonymous_15)
FN:237,(anonymous_16)
FNF:17
FNH:15
FNDA:283,(anonymous_0)
FNDA:0,(anonymous_1)
FNDA:0,(anonymous_2)
FNDA:26,(anonymous_3)
FNDA:74,(anonymous_4)
FNDA:538,(anonymous_5)
FNDA:74,(anonymous_6)
FNDA:247,(anonymous_7)
FNDA:254,(anonymous_8)
FNDA:254,(anonymous_9)
FNDA:589,(anonymous_10)
FNDA:33,(anonymous_11)
FNDA:158,(anonymous_12)
FNDA:115,(anonymous_13)
FNDA:74,(anonymous_14)
FNDA:74,(anonymous_15)
FNDA:312,(anonymous_16)
DA:1,25
DA:5,25
DA:15,25
DA:16,25
DA:17,25
DA:18,25
DA:19,25
DA:27,25
DA:29,283
DA:35,0
DA:36,0
DA:37,0
DA:39,0
DA:40,0
DA:41,0
DA:42,0
DA:43,0
DA:44,0
DA:47,0
DA:56,26
DA:58,26
DA:59,8
DA:61,26
DA:62,8
DA:63,8
DA:66,26
DA:67,26
DA:70,26
DA:71,74
DA:73,26
DA:74,74
DA:75,74
DA:76,538
DA:77,208
DA:80,330
DA:82,74
DA:85,26
DA:93,74
DA:95,74
DA:96,74
DA:99,74
DA:100,33
DA:101,33
DA:102,19
DA:103,19
DA:104,19
DA:105,19
DA:109,74
DA:111,247
DA:114,74
DA:115,74
DA:120,74
DA:121,74
DA:122,72
DA:123,254
DA:124,254
DA:125,72
DA:126,26
DA:130,74
DA:133,74
DA:134,589
DA:138,74
DA:139,273
DA:140,273
DA:141,273
DA:142,273
DA:143,273
DA:145,273
DA:147,273
DA:148,273
DA:149,158
DA:151,115
DA:157,273
DA:158,273
DA:160,273
DA:161,280
DA:165,280
DA:166,280
DA:167,280
DA:168,280
DA:170,280
DA:171,261
DA:172,26
DA:173,26
DA:174,26
DA:175,26
DA:176,26
DA:180,280
DA:184,74
DA:185,74
DA:186,74
DA:193,33
DA:202,158
DA:211,115
DA:220,74
DA:229,74
DA:238,312
LF:97
LH:87
BRDA:36,0,0,0
BRDA:58,1,0,8
BRDA:61,2,0,8
BRDA:76,3,0,208
BRDA:76,4,0,538
BRDA:76,4,1,208
BRDA:99,5,0,33
BRDA:101,6,0,19
BRDA:109,7,0,42
BRDA:121,8,0,72
BRDA:134,9,0,589
BRDA:134,9,1,188
BRDA:141,10,0,273
BRDA:141,10,1,0
BRDA:145,11,0,249
BRDA:145,11,1,24
BRDA:148,12,0,158
BRDA:148,12,1,115
BRDA:165,13,0,15
BRDA:165,13,1,265
BRDA:170,14,0,261
BRDA:172,15,0,26
BRDA:172,15,1,0
BRDA:29,16,0,25
BRDA:29,16,1,0
BRDA:29,17,0,25
BRDA:29,17,1,25
BRF:27
BRH:23
end_of_record
TN:
SF:src\web\services\simple-modal.service.ts
FN:26,(anonymous_0)
FN:38,(anonymous_1)
FN:45,(anonymous_2)
FN:49,(anonymous_3)
FN:52,(anonymous_4)
FN:60,(anonymous_5)
FN:71,(anonymous_6)
FN:81,(anonymous_7)
FNF:8
FNH:5
FNDA:282,(anonymous_0)
FNDA:14,(anonymous_1)
FNDA:40,(anonymous_2)
FNDA:0,(anonymous_3)
FNDA:0,(anonymous_4)
FNDA:12,(anonymous_5)
FNDA:0,(anonymous_6)
FNDA:2,(anonymous_7)
DA:1,54
DA:2,54
DA:4,54
DA:24,54
DA:26,282
DA:40,14
DA:41,14
DA:42,14
DA:43,14
DA:44,14
DA:45,14
DA:46,40
DA:48,14
DA:49,0
DA:50,0
DA:52,0
DA:53,0
DA:57,14
DA:62,12
DA:68,12
DA:73,0
DA:78,0
DA:83,2
DA:88,2
LF:24
LH:18
BRDA:44,0,0,14
BRDA:48,1,0,0
BRDA:26,2,0,54
BRDA:26,2,1,0
BRDA:26,3,0,54
BRDA:26,3,1,54
BRF:6
BRH:4
end_of_record
TN:
SF:src\web\services\status-message.service.ts
FN:16,(anonymous_1)
FN:23,(anonymous_2)
FN:30,(anonymous_3)
FN:37,(anonymous_4)
FN:41,(anonymous_5)
FN:53,(anonymous_6)
FN:57,(anonymous_7)
FNF:7
FNH:5
FNDA:7,(anonymous_1)
FNDA:25,(anonymous_2)
FNDA:2,(anonymous_3)
FNDA:10,(anonymous_4)
FNDA:37,(anonymous_5)
FNDA:0,(anonymous_6)
FNDA:0,(anonymous_7)
DA:1,71
DA:2,71
DA:4,71
DA:12,71
DA:14,463
DA:17,7
DA:24,25
DA:31,2
DA:38,10
DA:42,37
DA:54,0
DA:58,0
LF:12
LH:10
BRDA:23,0,0,25
BRDA:30,1,0,2
BRDA:37,2,0,10
BRDA:53,3,0,0
BRF:4
BRH:3
end_of_record
TN:
SF:src\web\services\string-helper.ts
FN:9,(anonymous_0)
FN:20,(anonymous_1)
FN:45,(anonymous_2)
FN:63,(anonymous_3)
FN:79,(anonymous_4)
FNF:5
FNH:5
FNDA:370,(anonymous_0)
FNDA:310,(anonymous_1)
FNDA:1619,(anonymous_2)
FNDA:38,(anonymous_3)
FNDA:4,(anonymous_4)
DA:10,370
DA:11,370
DA:12,370
DA:14,370
DA:21,310
DA:22,310
DA:23,310
DA:24,310
DA:25,309
DA:28,1
DA:29,1
DA:30,1
DA:31,1
DA:32,0
DA:34,1
DA:36,1
DA:46,1619
DA:64,38
DA:65,38
DA:66,38
DA:67,38
DA:68,38
DA:69,38
DA:70,38
DA:71,38
DA:73,38
DA:80,4
LF:27
LH:26
BRDA:12,0,0,370
BRDA:12,0,1,370
BRDA:12,0,2,265
BRDA:24,1,0,309
BRDA:31,2,0,0
BRF:5
BRH:4
end_of_record
TN:
SF:src\web\services\student.service.ts
FN:22,(anonymous_0)
FN:32,(anonymous_1)
FN:54,(anonymous_2)
FN:70,(anonymous_3)
FN:82,(anonymous_4)
FN:96,(anonymous_5)
FN:108,(anonymous_6)
FN:118,(anonymous_7)
FN:129,(anonymous_8)
FN:140,(anonymous_9)
FN:141,(anonymous_10)
FN:142,(anonymous_11)
FN:148,(anonymous_12)
FN:154,(anonymous_13)
FN:157,(anonymous_14)
FN:163,(anonymous_15)
FNF:16
FNH:13
FNDA:315,(anonymous_0)
FNDA:62,(anonymous_1)
FNDA:19,(anonymous_2)
FNDA:1,(anonymous_3)
FNDA:0,(anonymous_4)
FNDA:1,(anonymous_5)
FNDA:0,(anonymous_6)
FNDA:0,(anonymous_7)
FNDA:2,(anonymous_8)
FNDA:2,(anonymous_9)
FNDA:2,(anonymous_10)
FNDA:2,(anonymous_11)
FNDA:2,(anonymous_12)
FNDA:7,(anonymous_13)
FNDA:18,(anonymous_14)
FNDA:12,(anonymous_15)
DA:1,33
DA:3,33
DA:4,33
DA:5,33
DA:8,33
DA:9,33
DA:10,33
DA:11,33
DA:12,33
DA:20,33
DA:22,315
DA:23,315
DA:24,315
DA:33,62
DA:37,62
DA:38,0
DA:41,62
DA:55,19
DA:58,19
DA:59,4
DA:61,19
DA:62,1
DA:64,19
DA:72,1
DA:76,1
DA:86,0
DA:90,0
DA:97,1
DA:101,1
DA:109,0
DA:112,0
DA:119,0
DA:123,0
DA:130,2
DA:134,2
DA:141,2
DA:142,2
DA:143,2
DA:149,2
DA:150,2
DA:151,2
DA:152,2
DA:154,7
DA:155,2
DA:156,2
DA:157,2
DA:158,18
DA:162,2
DA:163,2
DA:164,12
DA:170,12
DA:172,2
LF:52
LH:45
BRDA:37,0,0,0
BRDA:58,1,0,4
BRDA:61,2,0,1
BRDA:154,3,0,7
BRDA:154,3,1,1
BRDA:156,4,0,1
BRDA:156,4,1,1
BRDA:158,5,0,18
BRDA:158,5,1,15
BRDA:158,5,2,3
BRDA:165,6,0,12
BRDA:165,6,1,0
BRDA:170,7,0,6
BRDA:170,7,1,6
BRDA:22,8,0,33
BRDA:22,8,1,0
BRDA:22,9,0,33
BRDA:22,9,1,33
BRDA:22,10,0,33
BRDA:22,10,1,0
BRDA:22,11,0,33
BRDA:22,11,1,33
BRDA:23,12,0,33
BRDA:23,12,1,0
BRDA:23,13,0,33
BRDA:23,13,1,33
BRF:26
BRH:21
end_of_record
TN:
SF:src\web\services\table-comparator.service.ts
FN:19,(anonymous_0)
FN:45,(anonymous_1)
FN:60,(anonymous_2)
FN:77,(anonymous_3)
FN:97,(anonymous_4)
FN:116,(anonymous_5)
FNF:6
FNH:5
FNDA:0,(anonymous_0)
FNDA:103,(anonymous_1)
FNDA:100,(anonymous_2)
FNDA:10,(anonymous_3)
FNDA:15,(anonymous_4)
FNDA:209,(anonymous_5)
DA:1,66
DA:2,66
DA:3,66
DA:4,66
DA:12,66
DA:20,0
DA:21,0
DA:23,0
DA:24,0
DA:27,0
DA:28,0
DA:31,0
DA:32,0
DA:35,0
DA:36,0
DA:39,0
DA:46,103
DA:47,44
DA:50,59
DA:51,59
DA:54,0
DA:61,100
DA:62,35
DA:65,65
DA:66,65
DA:69,0
DA:78,10
DA:79,10
DA:81,10
DA:82,4
DA:85,6
DA:86,2
DA:89,4
DA:98,15
DA:99,15
DA:100,15
DA:102,15
DA:103,0
DA:106,15
DA:107,0
DA:110,15
DA:117,209
DA:134,98
DA:166,101
DA:193,0
DA:195,0
DA:197,9
DA:199,1
LF:48
LH:31
BRDA:23,0,0,0
BRDA:27,1,0,0
BRDA:31,2,0,0
BRDA:35,3,0,0
BRDA:46,4,0,44
BRDA:50,5,0,59
BRDA:61,6,0,35
BRDA:65,7,0,65
BRDA:81,8,0,4
BRDA:85,9,0,2
BRDA:89,10,0,2
BRDA:89,10,1,2
BRDA:102,11,0,0
BRDA:106,12,0,0
BRDA:110,13,0,12
BRDA:110,13,1,3
BRDA:117,14,0,0
BRDA:117,14,1,0
BRDA:117,14,2,0
BRDA:117,14,3,0
BRDA:117,14,4,0
BRDA:117,14,5,0
BRDA:117,14,6,0
BRDA:117,14,7,0
BRDA:117,14,8,0
BRDA:117,14,9,0
BRDA:117,14,10,51
BRDA:117,14,11,98
BRDA:117,14,12,98
BRDA:117,14,13,98
BRDA:117,14,14,98
BRDA:117,14,15,98
BRDA:117,14,16,0
BRDA:117,14,17,0
BRDA:117,14,18,0
BRDA:117,14,19,0
BRDA:117,14,20,0
BRDA:117,14,21,0
BRDA:117,14,22,0
BRDA:117,14,23,0
BRDA:117,14,24,7
BRDA:117,14,25,9
BRDA:117,14,26,9
BRDA:117,14,27,28
BRDA:117,14,28,42
BRDA:117,14,29,52
BRDA:117,14,30,52
BRDA:117,14,31,52
BRDA:117,14,32,95
BRDA:117,14,33,95
BRDA:117,14,34,96
BRDA:117,14,35,99
BRDA:117,14,36,100
BRDA:117,14,37,101
BRDA:117,14,38,101
BRDA:117,14,39,101
BRDA:117,14,40,101
BRDA:117,14,41,101
BRDA:117,14,42,101
BRDA:117,14,43,101
BRDA:117,14,44,101
BRDA:117,14,45,101
BRDA:117,14,46,101
BRDA:117,14,47,0
BRDA:117,14,48,0
BRDA:117,14,49,0
BRDA:117,14,50,0
BRDA:117,14,51,0
BRDA:117,14,52,0
BRDA:117,14,53,0
BRDA:117,14,54,0
BRDA:117,14,55,0
BRDA:117,14,56,0
BRDA:117,14,57,0
BRDA:117,14,58,0
BRDA:117,14,59,0
BRDA:117,14,60,0
BRDA:117,14,61,0
BRDA:117,14,62,0
BRDA:117,14,63,0
BRDA:117,14,64,0
BRDA:117,14,65,0
BRDA:117,14,66,0
BRDA:117,14,67,0
BRDA:117,14,68,0
BRDA:117,14,69,0
BRDA:117,14,70,0
BRDA:117,14,71,0
BRDA:117,14,72,0
BRDA:117,14,73,0
BRDA:117,14,74,9
BRDA:117,14,75,1
BRF:92
BRH:41
end_of_record
TN:
SF:src\web\services\timezone.service.ts
FN:28,(anonymous_0)
FN:33,(anonymous_1)
FN:34,(anonymous_2)
FN:46,(anonymous_3)
FN:53,(anonymous_4)
FN:60,(anonymous_5)
FN:67,(anonymous_6)
FN:71,(anonymous_7)
FN:75,(anonymous_8)
FN:84,(anonymous_9)
FN:94,(anonymous_10)
FNF:11
FNH:11
FNDA:365,(anonymous_0)
FNDA:217540,(anonymous_1)
FNDA:215350,(anonymous_2)
FNDA:76,(anonymous_3)
FNDA:18,(anonymous_4)
FNDA:41,(anonymous_5)
FNDA:217540,(anonymous_6)
FNDA:2,(anonymous_7)
FNDA:271,(anonymous_8)
FNDA:34,(anonymous_9)
FNDA:30,(anonymous_10)
DA:1,91
DA:2,91
DA:5,91
DA:6,91
DA:9,91
DA:17,91
DA:19,365
DA:20,365
DA:21,365
DA:24,365
DA:28,365
DA:29,365
DA:30,365
DA:31,365
DA:32,365
DA:33,217540
DA:35,215350
DA:36,215350
DA:37,215350
DA:40,365
DA:47,76
DA:54,18
DA:61,41
DA:68,217540
DA:72,2
DA:76,271
DA:78,271
DA:79,0
DA:81,271
DA:85,34
DA:86,30
DA:88,4
DA:96,30
DA:97,30
DA:98,30
DA:99,30
DA:100,30
DA:101,30
DA:102,30
DA:103,30
DA:105,30
DA:106,5
DA:109,30
LF:43
LH:42
BRDA:36,0,0,215350
BRDA:78,1,0,0
BRDA:78,2,0,271
BRDA:78,2,1,0
BRDA:85,3,0,30
BRDA:95,4,0,23
BRDA:96,5,0,30
BRDA:96,5,1,6
BRDA:105,6,0,5
BRDA:105,7,0,30
BRDA:105,7,1,7
BRDA:105,7,2,5
BRDA:28,8,0,91
BRDA:28,8,1,0
BRDA:28,9,0,91
BRDA:28,9,1,91
BRF:16
BRH:13
end_of_record
TN:
SF:src\web\services\usage-statistics.service.ts
FN:15,(anonymous_0)
FN:17,(anonymous_1)
FNF:2
FNH:1
FNDA:8,(anonymous_0)
FNDA:0,(anonymous_1)
DA:1,2
DA:3,2
DA:5,2
DA:13,2
DA:15,8
DA:18,0
DA:23,0
LF:7
LH:5
BRDA:15,0,0,2
BRDA:15,0,1,0
BRDA:15,1,0,2
BRDA:15,1,1,2
BRF:4
BRH:3
end_of_record
TN:
SF:src\web\services\visibility-state-machine.ts
FN:16,(anonymous_0)
FN:23,(anonymous_1)
FN:46,(anonymous_2)
FN:54,(anonymous_3)
FN:132,(anonymous_4)
FN:148,(anonymous_5)
FN:172,(anonymous_6)
FN:190,(anonymous_7)
FN:197,(anonymous_8)
FN:198,(anonymous_9)
FN:204,(anonymous_10)
FN:219,(anonymous_11)
FN:226,(anonymous_12)
FN:233,(anonymous_13)
FN:248,(anonymous_14)
FNF:15
FNH:14
FNDA:85,(anonymous_0)
FNDA:170,(anonymous_1)
FNDA:37,(anonymous_2)
FNDA:85,(anonymous_3)
FNDA:37,(anonymous_4)
FNDA:164,(anonymous_5)
FNDA:555,(anonymous_6)
FNDA:1475,(anonymous_7)
FNDA:478,(anonymous_8)
FNDA:1134,(anonymous_9)
FNDA:71,(anonymous_10)
FNDA:884,(anonymous_11)
FNDA:465,(anonymous_12)
FNDA:0,(anonymous_13)
FNDA:100,(anonymous_14)
DA:1,15
DA:2,15
DA:10,85
DA:12,85
DA:14,85
DA:18,85
DA:20,85
DA:24,170
DA:25,170
DA:28,170
DA:30,850
DA:31,850
DA:32,850
DA:33,850
DA:34,850
DA:36,2550
DA:37,2550
DA:38,2550
DA:43,170
DA:47,37
DA:48,185
DA:49,555
DA:55,85
DA:57,85
DA:60,69
DA:64,16
DA:65,16
DA:68,0
DA:69,0
DA:71,0
DA:74,85
DA:77,0
DA:79,0
DA:80,0
DA:85,67
DA:88,2
DA:89,2
DA:90,2
DA:93,8
DA:94,8
DA:99,2
DA:100,2
DA:105,6
DA:106,6
DA:109,0
DA:110,0
DA:111,0
DA:113,0
DA:116,85
DA:119,0
DA:122,85
DA:125,0
DA:133,37
DA:134,37
DA:135,70
DA:137,37
DA:138,44
DA:140,37
DA:141,50
DA:149,164
DA:150,25
DA:152,139
DA:153,139
DA:155,70
DA:157,25
DA:159,70
DA:163,69
DA:164,69
DA:173,555
DA:174,143
DA:176,412
DA:177,412
DA:180,149
DA:181,149
DA:182,149
DA:191,1475
DA:198,1134
DA:205,71
DA:207,181
DA:208,181
DA:209,50
DA:212,21
DA:220,884
DA:227,465
DA:234,0
DA:235,0
DA:237,0
DA:238,0
DA:239,0
DA:242,0
DA:250,100
LF:91
LH:73
BRDA:57,0,0,69
BRDA:57,0,1,0
BRDA:57,0,2,16
BRDA:57,0,3,0
BRDA:57,0,4,0
BRDA:74,1,0,0
BRDA:74,1,1,41
BRDA:74,1,2,67
BRDA:74,1,3,67
BRDA:74,1,4,2
BRDA:74,1,5,8
BRDA:74,1,6,2
BRDA:74,1,7,2
BRDA:74,1,8,2
BRDA:74,1,9,6
BRDA:74,1,10,6
BRDA:74,1,11,0
BRDA:74,1,12,0
BRDA:116,2,0,0
BRDA:116,3,0,85
BRDA:116,3,1,85
BRDA:116,3,2,16
BRDA:122,4,0,0
BRDA:122,5,0,85
BRDA:122,5,1,0
BRDA:149,6,0,25
BRDA:149,7,0,164
BRDA:149,7,1,139
BRDA:153,8,0,70
BRDA:153,8,1,44
BRDA:153,8,2,69
BRDA:153,8,3,0
BRDA:155,9,0,25
BRDA:173,10,0,143
BRDA:173,11,0,555
BRDA:173,11,1,518
BRDA:177,12,0,149
BRDA:177,12,1,263
BRDA:208,13,0,50
BRDA:238,14,0,0
BRF:40
BRH:29
end_of_record

